Log file open, 05/04/20 03:25:23
LogWindows: Failed to load 'aqProf.dll' (GetLastError=126)
LogWindows: File 'aqProf.dll' does not exist
LogWindows: Failed to load 'VSPerf140.dll' (GetLastError=126)
LogWindows: File 'VSPerf140.dll' does not exist
LogWindows: Failed to load 'VtuneApi.dll' (GetLastError=126)
LogWindows: File 'VtuneApi.dll' does not exist
LogWindows: Failed to load 'VtuneApi32e.dll' (GetLastError=126)
LogWindows: File 'VtuneApi32e.dll' does not exist
LogInit: Display: Running engine for game: P1MKaraniewiczBiedny
LogInit: Display: Project file not found: ../../../P1MKaraniewiczBiedny/P1MKaraniewiczBiedny.uproject
LogInit: Display: 	Attempting to find via project info helper.
LogUProjectInfo: Found projects:
LogPakFile: Display: Found Pak file ../../../P1MKaraniewiczBiedny/Content/Paks/P1MKaraniewiczBiedny-WindowsNoEditor.pak attempting to mount.
LogPakFile: Display: Mounting pak file ../../../P1MKaraniewiczBiedny/Content/Paks/P1MKaraniewiczBiedny-WindowsNoEditor.pak.
LogPlatformFile: Not using cached read wrapper
LogTaskGraph: Started task graph with 5 named threads and 20 total threads with 3 sets of task threads.
LogStats: Stats thread started at 0.204889
LogD3D11RHI: Loaded GFSDK_Aftermath_Lib.x64.dll
LogICUInternationalization: Display: ICU TimeZone Detection - Raw Offset: +1:00, Platform Override: ''
LogPluginManager: Mounting plugin Paper2D
LogPluginManager: Mounting plugin AISupport
LogPluginManager: Mounting plugin LightPropagationVolume
LogPluginManager: Mounting plugin AssetManagerEditor
LogPluginManager: Mounting plugin CryptoKeys
LogPluginManager: Mounting plugin FacialAnimation
LogPluginManager: Mounting plugin MeshEditor
LogPluginManager: Mounting plugin EditableMesh
LogPluginManager: Mounting plugin DatasmithContent
LogPluginManager: Mounting plugin AlembicImporter
LogPluginManager: Mounting plugin GeometryCache
LogPluginManager: Mounting plugin AppleImageUtils
LogPluginManager: Mounting plugin AppleVision
LogPluginManager: Mounting plugin BackChannel
LogPluginManager: Mounting plugin CharacterAI
LogPluginManager: Mounting plugin HTML5Networking
LogPluginManager: Mounting plugin AvfMedia
LogPluginManager: Mounting plugin ImgMedia
LogPluginManager: Mounting plugin LinearTimecode
LogPluginManager: Mounting plugin MediaCompositing
LogPluginManager: Mounting plugin WmfMedia
LogPluginManager: Mounting plugin TcpMessaging
LogPluginManager: Mounting plugin UdpMessaging
LogPluginManager: Mounting plugin ActorSequence
LogPluginManager: Mounting plugin NetcodeUnitTest
LogPluginManager: Mounting plugin NUTUnrealEngine4
LogPluginManager: Mounting plugin OnlineSubsystem
LogPluginManager: Mounting plugin OnlineSubsystemNull
LogPluginManager: Mounting plugin OnlineSubsystemUtils
LogPluginManager: Mounting plugin LauncherChunkInstaller
LogPluginManager: Mounting plugin AndroidPermission
LogPluginManager: Mounting plugin ArchVisCharacter
LogPluginManager: Mounting plugin AudioCapture
LogPluginManager: Mounting plugin CableComponent
LogPluginManager: Mounting plugin CustomMeshComponent
LogPluginManager: Mounting plugin ExampleDeviceProfileSelector
LogPluginManager: Mounting plugin ImmediatePhysics
LogPluginManager: Mounting plugin LocationServicesBPLibrary
LogPluginManager: Mounting plugin MobilePatchingUtils
LogPluginManager: Mounting plugin OculusVR
LogPluginManager: Mounting plugin ProceduralMeshComponent
LogPluginManager: Mounting plugin PhysXVehicles
LogPluginManager: Mounting plugin RuntimePhysXCooking
LogPluginManager: Mounting plugin SteamVR
LogPluginManager: Mounting plugin WindowsMoviePlayer
LogStreaming: Display: Took  0.034s to configure plugins.
LogInit: Using libcurl 7.55.1-DEV
LogInit:  - built for x86_64-pc-win32
LogInit:  - supports SSL with OpenSSL/1.0.2h
LogInit:  - supports HTTP deflate (compression) using libz 1.2.8
LogInit:  - other features:
LogInit:      CURL_VERSION_SSL
LogInit:      CURL_VERSION_LIBZ
LogInit:      CURL_VERSION_IPV6
LogInit:      CURL_VERSION_ASYNCHDNS
LogInit:      CURL_VERSION_LARGEFILE
LogInit:      CURL_VERSION_IDN
LogInit:  CurlRequestOptions (configurable via config and command line):
LogInit:  - bVerifyPeer = false  - Libcurl will NOT verify peer certificate
LogInit:  - bUseHttpProxy = false  - Libcurl will NOT use HTTP proxy
LogInit:  - bDontReuseConnections = false  - Libcurl will reuse connections
LogInit:  - CertBundlePath = nullptr  - Libcurl will use whatever was configured at build time.
LogInit:  - MaxHostConnections = 16  - Libcurl will limit the number of connections to a host
LogInit:  - LocalHostAddr = Default
LogInit:  - BufferSize = 65536
LogInit: WinSock: version 1.1 (2.2), MaxSocks=32767, MaxUdp=65467
LogInit: Build: ++UE4+Release-4.20-CL-4369336
LogInit: Engine Version: 4.20.3-4369336+++UE4+Release-4.20
LogInit: Compatible Engine Version: 4.20.0-4212847+++UE4+Release-4.20
LogInit: Net CL: 4212847
LogInit: OS: Windows 10 (), CPU: Intel(R) Core(TM) i5-8400 CPU @ 2.80GHz, GPU: NVIDIA GeForce GTX 1060 6GB
LogInit: Compiled (64-bit): Sep 17 2018 12:36:23
LogInit: Compiled with Visual C++: 19.00.24215.01
LogInit: Build Configuration: Development
LogInit: Branch Name: ++UE4+Release-4.20
LogInit: Command Line:  
LogInit: Base Directory: W:/_UnrealEngineProjects/P1MKaraniewiczBiedny/Builds/MarbleGameBuild2/Engine/Binaries/Win64/
LogInit: Installed Engine Build: 0
LogDevObjectVersion: Number of dev versions registered: 20
LogDevObjectVersion:   Dev-Blueprints (B0D832E4-1F89-4F0D-ACCF-7EB736FD4AA2): 10
LogDevObjectVersion:   Dev-Build (E1C64328-A22C-4D53-A36C-8E866417BD8C): 0
LogDevObjectVersion:   Dev-Core (375EC13C-06E4-48FB-B500-84F0262A717E): 2
LogDevObjectVersion:   Dev-Editor (E4B068ED-F494-42E9-A231-DA0B2E46BB41): 24
LogDevObjectVersion:   Dev-Framework (CFFC743F-43B0-4480-9391-14DF171D2073): 34
LogDevObjectVersion:   Dev-Mobile (B02B49B5-BB20-44E9-A304-32B752E40360): 2
LogDevObjectVersion:   Dev-Networking (A4E4105C-59A1-49B5-A7C5-40C4547EDFEE): 0
LogDevObjectVersion:   Dev-Online (39C831C9-5AE6-47DC-9A44-9C173E1C8E7C): 0
LogDevObjectVersion:   Dev-Physics (78F01B33-EBEA-4F98-B9B4-84EACCB95AA2): 0
LogDevObjectVersion:   Dev-Platform (6631380F-2D4D-43E0-8009-CF276956A95A): 0
LogDevObjectVersion:   Dev-Rendering (12F88B9F-8875-4AFC-A67C-D90C383ABD29): 26
LogDevObjectVersion:   Dev-Sequencer (7B5AE74C-D270-4C10-A958-57980B212A5A): 9
LogDevObjectVersion:   Dev-VR (D7296918-1DD6-4BDD-9DE2-64A83CC13884): 2
LogDevObjectVersion:   Dev-LoadTimes (C2A15278-BFE7-4AFE-6C17-90FF531DF755): 1
LogDevObjectVersion:   Private-Geometry (6EACA3D4-40EC-4CC1-B786-8BED09428FC5): 3
LogDevObjectVersion:   Dev-AnimPhys (29E575DD-E0A3-4627-9D10-D276232CDCEA): 17
LogDevObjectVersion:   Dev-ReflectionCapture (6B266CEC-1EC7-4B8F-A30B-E4D90942FC07): 1
LogDevObjectVersion:   Dev-Automation (0DF73D61-A23F-47EA-B727-89E90C41499A): 1
LogDevObjectVersion:   FortniteMain (601D1886-AC64-4F84-AA16-D3DE0DEAC7D6): 12
LogDevObjectVersion:   Dev-Enterprise (9DFFBCD6-494F-0158-E221-12823C92A888): 1
LogStreaming: Display: Took  0.000s to delete old logs.
LogInit: Presizing for max 2097152 objects, including 0 objects not considered by GC, pre-allocating 0 bytes for permanent pool.
LogStreaming: Display: Async Loading initialized: Event Driven Loader: true, Async Loading Thread: false, Async Post Load: true
LogInit: Object subsystem initialized
[2020.05.04-01.25.23:138][  0]LogInit: Selected Device Profile: [WindowsNoEditor]
[2020.05.04-01.25.23:138][  0]LogInit: Applying CVar settings loaded from the selected device profile: [WindowsNoEditor]
[2020.05.04-01.25.23:142][  0]LogHAL: Display: Platform has ~ 8 GB [8548777984 / 8589934592 / 8], which maps to Default [LargestMinGB=32, LargerMinGB=12, DefaultMinGB=8, SmallerMinGB=6, SmallestMinGB=0)
[2020.05.04-01.25.23:142][  0]LogInit: Going up to parent DeviceProfile [Windows]
[2020.05.04-01.25.23:142][  0]LogInit: Setting Device Profile CVar: [[r.Vulkan.UseRealUBs:1]]
[2020.05.04-01.25.23:142][  0]LogInit: Going up to parent DeviceProfile []
[2020.05.04-01.25.23:142][  0]LogInit: Computer: DESKTOP-QD5PBN3
[2020.05.04-01.25.23:142][  0]LogInit: User: mkb
[2020.05.04-01.25.23:142][  0]LogInit: CPU Page size=4096, Cores=6
[2020.05.04-01.25.23:142][  0]LogInit: High frequency timer resolution =2.742188 MHz
[2020.05.04-01.25.23:143][  0]LogMemory: Memory total: Physical=8.0GB (8GB approx)
[2020.05.04-01.25.23:143][  0]LogMemory: Platform Memory Stats for WindowsNoEditor
[2020.05.04-01.25.23:143][  0]LogMemory: Process Physical Memory: 53.90 MB used, 53.90 MB peak
[2020.05.04-01.25.23:143][  0]LogMemory: Process Virtual Memory: 64.32 MB used, 64.32 MB peak
[2020.05.04-01.25.23:143][  0]LogMemory: Physical Memory: 4524.61 MB used,  3628.14 MB free, 8152.75 MB total
[2020.05.04-01.25.23:143][  0]LogMemory: Virtual Memory: 4431.03 MB used,  3628.14 MB free, 134217728.00 MB total
[2020.05.04-01.25.23:159][  0]LogInit: Using OS detected language (pl-PL).
[2020.05.04-01.25.23:159][  0]LogInit: Using OS detected locale (pl-PL).
[2020.05.04-01.25.23:160][  0]LogTextLocalizationManager: No localization for 'pl-PL' exists, so 'en' will be used for the language.
[2020.05.04-01.25.23:160][  0]LogTextLocalizationManager: No localization for 'pl-PL' exists, so 'en' will be used for the locale.
[2020.05.04-01.25.23:179][  0]LogStreaming: Display: Took  0.020s to InitEngineTextLocalization.
[2020.05.04-01.25.23:196][  0]LogSlate: New Slate User Created.  User Index 0, Is Virtual User: 0
[2020.05.04-01.25.23:196][  0]LogSlate: Slate User Registered.  User Index 0, Is Virtual User: 0
[2020.05.04-01.25.23:203][  0]LogHMD: Failed to initialize OpenVR with code 110
[2020.05.04-01.25.23:203][  0]LogD3D11RHI: D3D11 adapters:
[2020.05.04-01.25.23:267][  0]LogD3D11RHI:    0. 'NVIDIA GeForce GTX 1060 6GB' (Feature Level 11_0)
[2020.05.04-01.25.23:267][  0]LogD3D11RHI:       6052/0/4076 MB DedicatedVideo/DedicatedSystem/SharedSystem, Outputs:2, VendorId:0x10de
[2020.05.04-01.25.23:268][  0]LogD3D11RHI:    1. 'Microsoft Basic Render Driver' (Feature Level 11_0)
[2020.05.04-01.25.23:268][  0]LogD3D11RHI:       0/0/4076 MB DedicatedVideo/DedicatedSystem/SharedSystem, Outputs:0, VendorId:0x1414
[2020.05.04-01.25.23:268][  0]LogD3D11RHI: Chosen D3D11 Adapter: 0
[2020.05.04-01.25.23:274][  0]LogD3D11RHI: Creating new Direct3DDevice
[2020.05.04-01.25.23:274][  0]LogD3D11RHI:     GPU DeviceId: 0x1c03 (for the marketing name, search the web for "GPU Device Id")
[2020.05.04-01.25.23:274][  0]LogWindows: EnumDisplayDevices:
[2020.05.04-01.25.23:274][  0]LogWindows:    0. 'NVIDIA GeForce GTX 1060 6GB' (P:1 D:1)
[2020.05.04-01.25.23:274][  0]LogWindows:    1. 'NVIDIA GeForce GTX 1060 6GB' (P:0 D:1)
[2020.05.04-01.25.23:274][  0]LogWindows:    2. 'NVIDIA GeForce GTX 1060 6GB' (P:0 D:0)
[2020.05.04-01.25.23:275][  0]LogWindows:    3. 'NVIDIA GeForce GTX 1060 6GB' (P:0 D:0)
[2020.05.04-01.25.23:275][  0]LogWindows: DebugString: FoundDriverCount:4 
[2020.05.04-01.25.23:275][  0]LogD3D11RHI:     Adapter Name: NVIDIA GeForce GTX 1060 6GB
[2020.05.04-01.25.23:275][  0]LogD3D11RHI:   Driver Version: 442.74 (internal:26.21.14.4274, unified:442.74)
[2020.05.04-01.25.23:275][  0]LogD3D11RHI:      Driver Date: 3-13-2020
[2020.05.04-01.25.23:275][  0]LogRHI: Texture pool is 4236 MB (70% of 6052 MB)
[2020.05.04-01.25.23:310][  0]LogD3D11RHI: Async texture creation enabled
[2020.05.04-01.25.23:320][  0]LogD3D11RHI: GPU Timing Frequency: 1000.000000 (Debug: 2 1)
[2020.05.04-01.25.23:322][  0]LogShaderLibrary: Display: Failed to load Shared Shader Library: Global and no native library supported.
[2020.05.04-01.25.23:322][  0]LogShaderLibrary: Display: Failed to load Shared Shader Library: Global_SC and no native library supported.
[2020.05.04-01.25.23:323][  0]LogShaderLibrary: Display: Failed to load Shared Shader Library: Paper2D and no native library supported.
[2020.05.04-01.25.23:323][  0]LogShaderLibrary: Display: Failed to load Shared Shader Library: Paper2D_SC and no native library supported.
[2020.05.04-01.25.23:323][  0]LogShaderLibrary: Display: Failed to load Shared Shader Library: Paper2D and no native library supported.
[2020.05.04-01.25.23:323][  0]LogShaderLibrary: Display: Failed to load Shared Shader Library: Paper2D_SC and no native library supported.
[2020.05.04-01.25.23:323][  0]LogShaderLibrary: Display: Failed to load Shared Shader Library: CryptoKeys and no native library supported.
[2020.05.04-01.25.23:323][  0]LogShaderLibrary: Display: Failed to load Shared Shader Library: CryptoKeys_SC and no native library supported.
[2020.05.04-01.25.23:323][  0]LogShaderLibrary: Display: Failed to load Shared Shader Library: CryptoKeys and no native library supported.
[2020.05.04-01.25.23:323][  0]LogShaderLibrary: Display: Failed to load Shared Shader Library: CryptoKeys_SC and no native library supported.
[2020.05.04-01.25.23:323][  0]LogShaderLibrary: Display: Failed to load Shared Shader Library: MeshEditor and no native library supported.
[2020.05.04-01.25.23:323][  0]LogShaderLibrary: Display: Failed to load Shared Shader Library: MeshEditor_SC and no native library supported.
[2020.05.04-01.25.23:323][  0]LogShaderLibrary: Display: Failed to load Shared Shader Library: MeshEditor and no native library supported.
[2020.05.04-01.25.23:323][  0]LogShaderLibrary: Display: Failed to load Shared Shader Library: MeshEditor_SC and no native library supported.
[2020.05.04-01.25.23:323][  0]LogShaderLibrary: Display: Failed to load Shared Shader Library: DatasmithContent and no native library supported.
[2020.05.04-01.25.23:323][  0]LogShaderLibrary: Display: Failed to load Shared Shader Library: DatasmithContent_SC and no native library supported.
[2020.05.04-01.25.23:323][  0]LogShaderLibrary: Display: Failed to load Shared Shader Library: DatasmithContent and no native library supported.
[2020.05.04-01.25.23:323][  0]LogShaderLibrary: Display: Failed to load Shared Shader Library: DatasmithContent_SC and no native library supported.
[2020.05.04-01.25.23:323][  0]LogShaderLibrary: Display: Failed to load Shared Shader Library: MediaCompositing and no native library supported.
[2020.05.04-01.25.23:323][  0]LogShaderLibrary: Display: Failed to load Shared Shader Library: MediaCompositing_SC and no native library supported.
[2020.05.04-01.25.23:323][  0]LogShaderLibrary: Display: Failed to load Shared Shader Library: MediaCompositing and no native library supported.
[2020.05.04-01.25.23:323][  0]LogShaderLibrary: Display: Failed to load Shared Shader Library: MediaCompositing_SC and no native library supported.
[2020.05.04-01.25.23:323][  0]LogShaderLibrary: Display: Failed to load Shared Shader Library: OculusVR and no native library supported.
[2020.05.04-01.25.23:323][  0]LogShaderLibrary: Display: Failed to load Shared Shader Library: OculusVR_SC and no native library supported.
[2020.05.04-01.25.23:323][  0]LogShaderLibrary: Display: Failed to load Shared Shader Library: OculusVR and no native library supported.
[2020.05.04-01.25.23:323][  0]LogShaderLibrary: Display: Failed to load Shared Shader Library: OculusVR_SC and no native library supported.
[2020.05.04-01.25.23:323][  0]LogShaderLibrary: Display: Failed to load Shared Shader Library: SteamVR and no native library supported.
[2020.05.04-01.25.23:323][  0]LogShaderLibrary: Display: Failed to load Shared Shader Library: SteamVR_SC and no native library supported.
[2020.05.04-01.25.23:323][  0]LogShaderLibrary: Display: Failed to load Shared Shader Library: SteamVR and no native library supported.
[2020.05.04-01.25.23:323][  0]LogShaderLibrary: Display: Failed to load Shared Shader Library: SteamVR_SC and no native library supported.
[2020.05.04-01.25.23:324][  0]LogRHI: Display: Failed to open default shader pipeline cache for P1MKaraniewiczBiedny using shader platform 0.
[2020.05.04-01.25.23:324][  0]LogRHI: Display: Failed to open default shader pipeline cache for P1MKaraniewiczBiedny using shader platform 0.
[2020.05.04-01.25.23:336][  0]LogMaterial: Verifying Global Shaders for PCD3D_SM5
[2020.05.04-01.25.23:360][  0]LogSlate: Using FreeType 2.6.0
[2020.05.04-01.25.23:360][  0]LogSlate: SlateFontServices - WITH_FREETYPE: 1, WITH_HARFBUZZ: 1
[2020.05.04-01.25.23:387][  0]LogShaderLibrary: Display: Failed to load Shared Shader Library: P1MKaraniewiczBiedny and no native library supported.
[2020.05.04-01.25.23:387][  0]LogShaderLibrary: Display: Failed to load Shared Shader Library: P1MKaraniewiczBiedny_SC and no native library supported.
[2020.05.04-01.25.23:387][  0]LogRHI: Display: Failed to open default shader pipeline cache for P1MKaraniewiczBiedny using shader platform 0.
[2020.05.04-01.25.23:388][  0]LogShaderLibrary: Display: Failed to load Shared Shader Library: P1MKaraniewiczBiedny and no native library supported.
[2020.05.04-01.25.23:388][  0]LogShaderLibrary: Display: Failed to load Shared Shader Library: P1MKaraniewiczBiedny_SC and no native library supported.
[2020.05.04-01.25.23:388][  0]LogRHI: Display: Failed to open default shader pipeline cache for P1MKaraniewiczBiedny using shader platform 0.
[2020.05.04-01.25.23:388][  0]LogInit: Using OS detected language (pl-PL).
[2020.05.04-01.25.23:388][  0]LogInit: Using OS detected locale (pl-PL).
[2020.05.04-01.25.23:388][  0]LogTextLocalizationManager: No localization for 'pl-PL' exists, so 'en' will be used for the language.
[2020.05.04-01.25.23:388][  0]LogTextLocalizationManager: No localization for 'pl-PL' exists, so 'en' will be used for the locale.
[2020.05.04-01.25.23:388][  0]LogStreaming: Display: Took  0.000s to InitGameTextLocalization.
[2020.05.04-01.25.23:396][  0]LogAssetRegistry: FAssetRegistry took 0.0076 seconds to start up
[2020.05.04-01.25.23:466][  0]LogStreaming: Display: Flushing async loaders.
[2020.05.04-01.25.23:472][  0]LogPackageLocalizationCache: Processed 9 localized package path(s) for 1 prioritized culture(s) in 0.005524 seconds
[2020.05.04-01.25.23:472][  0]LogPakFile: New pak file ../../../P1MKaraniewiczBiedny/Content/Paks/P1MKaraniewiczBiedny-WindowsNoEditor.pak added to pak precacher.
[2020.05.04-01.25.23:473][  0]LogInit: Selected Device Profile: [WindowsNoEditor]
[2020.05.04-01.25.23:486][  0]LogNetVersion: P1MKaraniewiczBiedny 1.0.0, NetCL: 4212847, EngineNetVer: 5, GameNetVer: 0 (Checksum: 2590875377)
[2020.05.04-01.25.23:672][  0]LogMoviePlayer: Initializing movie player
[2020.05.04-01.25.23:778][  0]LogAndroidPermission: UAndroidPermissionCallbackProxy::GetInstance
[2020.05.04-01.25.23:778][  0]LogOcInput: OculusInput pre-init called
[2020.05.04-01.25.23:782][  0]LogUObjectArray: 33875 objects as part of root set at end of initial load.
[2020.05.04-01.25.23:782][  0]LogUObjectAllocator: 5085280 out of 0 bytes used by permanent object pool.
[2020.05.04-01.25.23:782][  0]LogUObjectArray: CloseDisregardForGC: 0/0 objects in disregard for GC pool
[2020.05.04-01.25.23:793][  0]LogEngine: Initializing Engine...
[2020.05.04-01.25.23:793][  0]LogHMD: Failed to initialize OpenVR with code 110
[2020.05.04-01.25.23:804][  0]LogStats: UGameplayTagsManager::ConstructGameplayTagTree: ImportINI prefixes -  0.000 s
[2020.05.04-01.25.23:804][  0]LogStats: UGameplayTagsManager::ConstructGameplayTagTree: Construct from data asset -  0.000 s
[2020.05.04-01.25.23:804][  0]LogStats: UGameplayTagsManager::ConstructGameplayTagTree: ImportINI -  0.000 s
[2020.05.04-01.25.23:804][  0]LogStats: UGameplayTagsManager::ConstructGameplayTagTree: GameplayTagTreeChangedEvent.Broadcast -  0.000 s
[2020.05.04-01.25.23:865][  0]LogInit: Initializing FReadOnlyCVARCache
[2020.05.04-01.25.23:902][  0]LogInit: XAudio2 using 'Głośniki (Realtek(R) Audio)' : 2 channels at 48 kHz using 32 bits per sample (channel mask 0x3)
[2020.05.04-01.25.23:919][  0]LogInit: FAudioDevice initialized.
[2020.05.04-01.25.23:931][  0]LogNetVersion: Set ProjectVersion to 1.0.0.0. Version Checksum will be recalculated on next use.
[2020.05.04-01.25.23:931][  0]LogInit: Texture streaming: Enabled
[2020.05.04-01.25.23:932][  0]LogSlate: Updating window title bar state: overlay mode, drag disabled, window buttons hidden, title bar hidden
[2020.05.04-01.25.23:932][  0]LogInit: Display: Game Engine Initialized.
[2020.05.04-01.25.23:932][  0]LogGameplayTags: Display: UGameplayTagsManager::DoneAddingNativeTags. DelegateIsBound: 0
[2020.05.04-01.25.23:932][  0]LogStats: UGameplayTagsManager::ConstructGameplayTagTree: ImportINI prefixes -  0.000 s
[2020.05.04-01.25.23:932][  0]LogStats: UGameplayTagsManager::ConstructGameplayTagTree: Construct from data asset -  0.000 s
[2020.05.04-01.25.23:934][  0]LogStats: UGameplayTagsManager::ConstructGameplayTagTree: ImportINI -  0.000 s
[2020.05.04-01.25.23:934][  0]LogStats: UGameplayTagsManager::ConstructGameplayTagTree: GameplayTagTreeChangedEvent.Broadcast -  0.000 s
[2020.05.04-01.25.23:940][  0]LogInit: Display: Starting Game.
[2020.05.04-01.25.23:940][  0]LogNet: Browse: /Game/Level?Name=Player
[2020.05.04-01.25.23:940][  0]LogLoad: LoadMap: /Game/Level?Name=Player
[2020.05.04-01.25.23:977][  0]LogAIModule: Creating AISystem for world Level
[2020.05.04-01.25.23:978][  0]LogLoad: Game class is 'GameModeBase'
[2020.05.04-01.25.23:979][  0]LogWorld: Bringing World /Game/Level.Level up for play (max tick rate 0) at 2020.05.04-03.25.23
[2020.05.04-01.25.23:979][  0]LogWorld: Bringing up level for play took: 0.000845
[2020.05.04-01.25.23:980][  0]LogBlueprintUserMessages: [Level_C_0] Witaj w moim labiryncie! Sprawdźmy jak szybko z niego uciekniesz!
[2020.05.04-01.25.23:980][  0]LogLoad: Took 0.039918 seconds to LoadMap(/Game/Level)
[2020.05.04-01.25.24:012][  0]LogSlate: Took 0.000108 seconds to synchronously load lazily loaded font '../../../Engine/Content/EngineFonts/Faces/RobotoRegular.ufont' (155K)
[2020.05.04-01.25.24:022][  0]LogRenderer: Reallocating scene render targets to support 1920x1080 Format 10 NumSamples 1 (Frame:1).
[2020.05.04-01.25.24:022][  0]LogLoad: (Engine Initialization) Total time: 1.34 seconds
[2020.05.04-01.25.24:054][  0]LogContentStreaming: Texture pool size now 1000 MB
[2020.05.04-01.25.27:680][225]LogNet: Browse: /Game/Level
[2020.05.04-01.25.27:681][225]LogLoad: LoadMap: /Game/Level
[2020.05.04-01.25.27:697][225]LogStreaming: Display: Flushing async loaders.
[2020.05.04-01.25.27:714][225]LogAIModule: Creating AISystem for world Level
[2020.05.04-01.25.27:714][225]LogLoad: Game class is 'GameModeBase'
[2020.05.04-01.25.27:715][225]LogWorld: Bringing World /Game/Level.Level up for play (max tick rate 0) at 2020.05.04-03.25.27
[2020.05.04-01.25.27:715][225]LogWorld: Bringing up level for play took: 0.000439
[2020.05.04-01.25.27:716][225]LogBlueprintUserMessages: [Level_C_0] Witaj w moim labiryncie! Sprawdźmy jak szybko z niego uciekniesz!
[2020.05.04-01.25.27:716][225]LogLoad: Took 0.035708 seconds to LoadMap(/Game/Level)
[2020.05.04-01.25.32:927][549]LogNet: Browse: /Game/Level
[2020.05.04-01.25.32:927][549]LogLoad: LoadMap: /Game/Level
[2020.05.04-01.25.32:944][549]LogStreaming: Display: Flushing async loaders.
[2020.05.04-01.25.32:960][549]LogAIModule: Creating AISystem for world Level
[2020.05.04-01.25.32:960][549]LogLoad: Game class is 'GameModeBase'
[2020.05.04-01.25.32:962][549]LogWorld: Bringing World /Game/Level.Level up for play (max tick rate 0) at 2020.05.04-03.25.32
[2020.05.04-01.25.32:962][549]LogWorld: Bringing up level for play took: 0.000502
[2020.05.04-01.25.32:962][549]LogBlueprintUserMessages: [Level_C_0] Witaj w moim labiryncie! Sprawdźmy jak szybko z niego uciekniesz!
[2020.05.04-01.25.32:963][549]LogLoad: Took 0.035400 seconds to LoadMap(/Game/Level)
[2020.05.04-01.25.40:352][  8]LogNet: Browse: /Game/Level
[2020.05.04-01.25.40:352][  8]LogLoad: LoadMap: /Game/Level
[2020.05.04-01.25.40:368][  8]LogStreaming: Display: Flushing async loaders.
[2020.05.04-01.25.40:384][  8]LogAIModule: Creating AISystem for world Level
[2020.05.04-01.25.40:384][  8]LogLoad: Game class is 'GameModeBase'
[2020.05.04-01.25.40:385][  8]LogWorld: Bringing World /Game/Level.Level up for play (max tick rate 0) at 2020.05.04-03.25.40
[2020.05.04-01.25.40:385][  8]LogWorld: Bringing up level for play took: 0.000397
[2020.05.04-01.25.40:386][  8]LogBlueprintUserMessages: [Level_C_0] Witaj w moim labiryncie! Sprawdźmy jak szybko z niego uciekniesz!
[2020.05.04-01.25.40:386][  8]LogLoad: Took 0.033940 seconds to LoadMap(/Game/Level)
[2020.05.04-01.25.50:344][626]LogNet: Browse: /Game/Level
[2020.05.04-01.25.50:344][626]LogLoad: LoadMap: /Game/Level
[2020.05.04-01.25.50:359][626]LogStreaming: Display: Flushing async loaders.
[2020.05.04-01.25.50:375][626]LogAIModule: Creating AISystem for world Level
[2020.05.04-01.25.50:375][626]LogLoad: Game class is 'GameModeBase'
[2020.05.04-01.25.50:377][626]LogWorld: Bringing World /Game/Level.Level up for play (max tick rate 0) at 2020.05.04-03.25.50
[2020.05.04-01.25.50:377][626]LogWorld: Bringing up level for play took: 0.000550
[2020.05.04-01.25.50:378][626]LogBlueprintUserMessages: [Level_C_0] Witaj w moim labiryncie! Sprawdźmy jak szybko z niego uciekniesz!
[2020.05.04-01.25.50:378][626]LogLoad: Took 0.033932 seconds to LoadMap(/Game/Level)
[2020.05.04-01.25.53:024][791]LogNet: Browse: /Game/Level
[2020.05.04-01.25.53:024][791]LogLoad: LoadMap: /Game/Level
[2020.05.04-01.25.53:040][791]LogStreaming: Display: Flushing async loaders.
[2020.05.04-01.25.53:056][791]LogAIModule: Creating AISystem for world Level
[2020.05.04-01.25.53:056][791]LogLoad: Game class is 'GameModeBase'
[2020.05.04-01.25.53:058][791]LogWorld: Bringing World /Game/Level.Level up for play (max tick rate 0) at 2020.05.04-03.25.53
[2020.05.04-01.25.53:058][791]LogWorld: Bringing up level for play took: 0.000554
[2020.05.04-01.25.53:058][791]LogBlueprintUserMessages: [Level_C_0] Witaj w moim labiryncie! Sprawdźmy jak szybko z niego uciekniesz!
[2020.05.04-01.25.53:059][791]LogLoad: Took 0.034430 seconds to LoadMap(/Game/Level)
[2020.05.04-01.26.04:609][508]LogBlueprintUserMessages: [Level_C_0] Bardzo dobrze! Przeszedłeś labirynt w11.6 sekund!
[2020.05.04-01.26.08:609][756]LogNet: Browse: /Game/Level
[2020.05.04-01.26.08:610][756]LogLoad: LoadMap: /Game/Level
[2020.05.04-01.26.08:626][756]LogStreaming: Display: Flushing async loaders.
[2020.05.04-01.26.08:642][756]LogAIModule: Creating AISystem for world Level
[2020.05.04-01.26.08:642][756]LogLoad: Game class is 'GameModeBase'
[2020.05.04-01.26.08:643][756]LogWorld: Bringing World /Game/Level.Level up for play (max tick rate 0) at 2020.05.04-03.26.08
[2020.05.04-01.26.08:643][756]LogWorld: Bringing up level for play took: 0.000393
[2020.05.04-01.26.08:644][756]LogBlueprintUserMessages: [Level_C_0] Witaj w moim labiryncie! Sprawdźmy jak szybko z niego uciekniesz!
[2020.05.04-01.26.08:645][756]LogLoad: Took 0.034952 seconds to LoadMap(/Game/Level)
[2020.05.04-01.26.10:307][860]LogNet: Browse: /Game/Level
[2020.05.04-01.26.10:307][860]LogLoad: LoadMap: /Game/Level
[2020.05.04-01.26.10:323][860]LogStreaming: Display: Flushing async loaders.
[2020.05.04-01.26.10:339][860]LogAIModule: Creating AISystem for world Level
[2020.05.04-01.26.10:339][860]LogLoad: Game class is 'GameModeBase'
[2020.05.04-01.26.10:340][860]LogWorld: Bringing World /Game/Level.Level up for play (max tick rate 0) at 2020.05.04-03.26.10
[2020.05.04-01.26.10:340][860]LogWorld: Bringing up level for play took: 0.000470
[2020.05.04-01.26.10:341][860]LogBlueprintUserMessages: [Level_C_0] Witaj w moim labiryncie! Sprawdźmy jak szybko z niego uciekniesz!
[2020.05.04-01.26.10:341][860]LogLoad: Took 0.033854 seconds to LoadMap(/Game/Level)
[2020.05.04-01.26.11:827][953]LogNet: Browse: /Game/Level
[2020.05.04-01.26.11:827][953]LogLoad: LoadMap: /Game/Level
[2020.05.04-01.26.11:843][953]LogStreaming: Display: Flushing async loaders.
[2020.05.04-01.26.11:860][953]LogAIModule: Creating AISystem for world Level
[2020.05.04-01.26.11:860][953]LogLoad: Game class is 'GameModeBase'
[2020.05.04-01.26.11:861][953]LogWorld: Bringing World /Game/Level.Level up for play (max tick rate 0) at 2020.05.04-03.26.11
[2020.05.04-01.26.11:861][953]LogWorld: Bringing up level for play took: 0.000422
[2020.05.04-01.26.11:862][953]LogBlueprintUserMessages: [Level_C_0] Witaj w moim labiryncie! Sprawdźmy jak szybko z niego uciekniesz!
[2020.05.04-01.26.11:862][953]LogLoad: Took 0.035275 seconds to LoadMap(/Game/Level)
[2020.05.04-01.26.14:709][130]Closing by request
[2020.05.04-01.26.14:709][130]LogWindows: FPlatformMisc::RequestExit(0)
[2020.05.04-01.26.14:822][131]LogSlate: Request Window 'P1MKaraniewiczBiedny (64-bit Development PCD3D_SM5) ' being destroyed
[2020.05.04-01.26.14:852][131]LogSlate: Window 'P1MKaraniewiczBiedny (64-bit Development PCD3D_SM5) ' being destroyed
[2020.05.04-01.26.14:852][131]LogWindowsTextInputMethodSystem: Display: IME system now deactivated.
[2020.05.04-01.26.14:865][131]LogSlate: Slate User Destroyed.  User Index 0, Is Virtual User: 0
[2020.05.04-01.26.14:865][131]LogExit: Preparing to exit.
[2020.05.04-01.26.14:865][131]LogMoviePlayer: Shutting down movie player
[2020.05.04-01.26.14:868][131]LogSlate: Updating window title bar state: overlay mode, drag disabled, window buttons hidden, title bar hidden
[2020.05.04-01.26.14:869][131]LogExit: Game engine shut down
[2020.05.04-01.26.14:897][131]LogExit: Object subsystem successfully closed.
[2020.05.04-01.26.14:905][131]LogD3D11RHI: Shutdown
[2020.05.04-01.26.14:905][131]LogD3D11RHI: CleanupD3DDevice
[2020.05.04-01.26.14:906][131]LogD3D11RHI: ~FD3D11DynamicRHI
[2020.05.04-01.26.14:906][131]LogModuleManager: Shutting down and abandoning module AutomationController (186)
[2020.05.04-01.26.14:906][131]LogModuleManager: Shutting down and abandoning module AutomationWorker (184)
[2020.05.04-01.26.14:906][131]LogModuleManager: Shutting down and abandoning module Voice (182)
[2020.05.04-01.26.14:906][131]LogModuleManager: Shutting down and abandoning module AIModule (180)
[2020.05.04-01.26.14:906][131]LogModuleManager: Shutting down and abandoning module GameplayDebugger (179)
[2020.05.04-01.26.14:906][131]LogModuleManager: Shutting down and abandoning module NavigationSystem (177)
[2020.05.04-01.26.14:906][131]LogModuleManager: Shutting down and abandoning module WmfMediaFactory (174)
[2020.05.04-01.26.14:906][131]LogModuleManager: Shutting down and abandoning module OpenExrWrapper (172)
[2020.05.04-01.26.14:906][131]LogModuleManager: Shutting down and abandoning module ImgMediaFactory (170)
[2020.05.04-01.26.14:906][131]LogModuleManager: Shutting down and abandoning module AvfMediaFactory (168)
[2020.05.04-01.26.14:906][131]LogModuleManager: Shutting down and abandoning module CharacterAI (166)
[2020.05.04-01.26.14:906][131]LogModuleManager: Shutting down and abandoning module SessionServices (164)
[2020.05.04-01.26.14:906][131]LogModuleManager: Shutting down and abandoning module MovieSceneTracks (162)
[2020.05.04-01.26.14:906][131]LogModuleManager: Shutting down and abandoning module MovieScene (160)
[2020.05.04-01.26.14:906][131]LogModuleManager: Shutting down and abandoning module StreamingPauseRendering (158)
[2020.05.04-01.26.14:906][131]LogModuleManager: Shutting down and abandoning module ProfilerService (156)
[2020.05.04-01.26.15:139][131]LogModuleManager: Shutting down and abandoning module TaskGraph (154)
[2020.05.04-01.26.15:139][131]LogModuleManager: Shutting down and abandoning module SteamVRController (152)
[2020.05.04-01.26.15:139][131]LogModuleManager: Shutting down and abandoning module ProceduralMeshComponent (150)
[2020.05.04-01.26.15:139][131]LogModuleManager: Shutting down and abandoning module OculusInput (148)
[2020.05.04-01.26.15:139][131]LogModuleManager: Shutting down and abandoning module MobilePatchingUtils (146)
[2020.05.04-01.26.15:139][131]LogModuleManager: Shutting down and abandoning module CustomMeshComponent (144)
[2020.05.04-01.26.15:139][131]LogModuleManager: Shutting down and abandoning module CableComponent (142)
[2020.05.04-01.26.15:139][131]LogModuleManager: Shutting down and abandoning module AudioCapture (140)
[2020.05.04-01.26.15:139][131]LogModuleManager: Shutting down and abandoning module ArchVisCharacter (138)
[2020.05.04-01.26.15:139][131]LogModuleManager: Shutting down and abandoning module AndroidPermission (136)
[2020.05.04-01.26.15:139][131]LogModuleManager: Shutting down and abandoning module MediaCompositing (134)
[2020.05.04-01.26.15:139][131]LogModuleManager: Shutting down and abandoning module LinearTimecode (132)
[2020.05.04-01.26.15:139][131]LogModuleManager: Shutting down and abandoning module ImgMedia (130)
[2020.05.04-01.26.15:140][131]LogModuleManager: Shutting down and abandoning module HTML5Networking (128)
[2020.05.04-01.26.15:140][131]LogModuleManager: Shutting down and abandoning module BackChannel (126)
[2020.05.04-01.26.15:140][131]LogModuleManager: Shutting down and abandoning module AppleVision (124)
[2020.05.04-01.26.15:140][131]LogModuleManager: Shutting down and abandoning module AppleImageUtils (122)
[2020.05.04-01.26.15:140][131]LogModuleManager: Shutting down and abandoning module GeometryCacheTracks (120)
[2020.05.04-01.26.15:140][131]LogModuleManager: Shutting down and abandoning module GeometryCache (118)
[2020.05.04-01.26.15:140][131]LogModuleManager: Shutting down and abandoning module DatasmithContent (116)
[2020.05.04-01.26.15:140][131]LogModuleManager: Shutting down and abandoning module EditableMesh (114)
[2020.05.04-01.26.15:140][131]LogModuleManager: Shutting down and abandoning module RuntimePhysXCooking (112)
[2020.05.04-01.26.15:140][131]LogModuleManager: Shutting down and abandoning module PhysXVehicles (110)
[2020.05.04-01.26.15:140][131]LogModuleManager: Shutting down and abandoning module LocationServicesBPLibrary (108)
[2020.05.04-01.26.15:140][131]LogModuleManager: Shutting down and abandoning module ImmediatePhysics (106)
[2020.05.04-01.26.15:140][131]LogModuleManager: Shutting down and abandoning module ActorSequence (104)
[2020.05.04-01.26.15:140][131]LogModuleManager: Shutting down and abandoning module UdpMessaging (102)
[2020.05.04-01.26.15:140][131]LogModuleManager: Shutting down and abandoning module TcpMessaging (100)
[2020.05.04-01.26.15:140][131]LogModuleManager: Shutting down and abandoning module FacialAnimation (98)
[2020.05.04-01.26.15:140][131]LogModuleManager: Shutting down and abandoning module LightPropagationVolumeRuntime (96)
[2020.05.04-01.26.15:140][131]LogModuleManager: Shutting down and abandoning module AISupportModule (94)
[2020.05.04-01.26.15:140][131]LogModuleManager: Shutting down and abandoning module Paper2D (92)
[2020.05.04-01.26.15:140][131]LogModuleManager: Shutting down and abandoning module WindowsMoviePlayer (90)
[2020.05.04-01.26.15:140][131]LogModuleManager: Shutting down and abandoning module WmfMedia (88)
[2020.05.04-01.26.15:141][131]LogModuleManager: Shutting down and abandoning module Media (87)
[2020.05.04-01.26.15:147][131]LogModuleManager: Shutting down and abandoning module PacketHandler (84)
[2020.05.04-01.26.15:147][131]LogModuleManager: Shutting down and abandoning module ClothingSystemRuntime (82)
[2020.05.04-01.26.15:147][131]LogModuleManager: Shutting down and abandoning module MediaAssets (80)
[2020.05.04-01.26.15:147][131]LogModuleManager: Shutting down and abandoning module Overlay (78)
[2020.05.04-01.26.15:147][131]LogModuleManager: Shutting down and abandoning module UMG (76)
[2020.05.04-01.26.15:147][131]LogModuleManager: Shutting down and abandoning module SlateReflector (74)
[2020.05.04-01.26.15:147][131]LogModuleManager: Shutting down and abandoning module Slate (72)
[2020.05.04-01.26.15:147][131]LogModuleManager: Shutting down and abandoning module MRMesh (70)
[2020.05.04-01.26.15:147][131]LogModuleManager: Shutting down and abandoning module Messaging (68)
[2020.05.04-01.26.15:147][131]LogModuleManager: Shutting down and abandoning module HeadMountedDisplay (66)
[2020.05.04-01.26.15:147][131]LogModuleManager: Shutting down and abandoning module XAudio2 (64)
[2020.05.04-01.26.15:147][131]LogModuleManager: Shutting down and abandoning module Networking (62)
[2020.05.04-01.26.15:147][131]LogModuleManager: Shutting down and abandoning module Core (60)
[2020.05.04-01.26.15:147][131]LogModuleManager: Shutting down and abandoning module LevelSequence (58)
[2020.05.04-01.26.15:147][131]LogModuleManager: Shutting down and abandoning module ImageWrapper (54)
[2020.05.04-01.26.15:147][131]LogModuleManager: Shutting down and abandoning module InputCore (52)
[2020.05.04-01.26.15:147][131]LogModuleManager: Shutting down and abandoning module PhysXCooking (50)
[2020.05.04-01.26.15:147][131]LogModuleManager: Shutting down and abandoning module SteamVR (48)
[2020.05.04-01.26.15:147][131]LogModuleManager: Shutting down and abandoning module OculusHMD (46)
[2020.05.04-01.26.15:147][131]LogModuleManager: Shutting down and abandoning module ExampleDeviceProfileSelector (44)
[2020.05.04-01.26.15:147][131]LogModuleManager: Shutting down and abandoning module LauncherChunkInstaller (42)
[2020.05.04-01.26.15:147][131]LogModuleManager: Shutting down and abandoning module OnlineSubsystem (38)
[2020.05.04-01.26.15:147][131]LogModuleManager: Shutting down and abandoning module HTTP (33)
[2020.05.04-01.26.15:169][131]LogModuleManager: Shutting down and abandoning module SSL (32)
[2020.05.04-01.26.15:169][131]LogModuleManager: Shutting down and abandoning module ShaderCore (28)
[2020.05.04-01.26.15:169][131]LogModuleManager: Shutting down and abandoning module Landscape (26)
[2020.05.04-01.26.15:169][131]LogModuleManager: Shutting down and abandoning module SlateRHIRenderer (24)
[2020.05.04-01.26.15:169][131]LogModuleManager: Shutting down and abandoning module OpenGLDrv (22)
[2020.05.04-01.26.15:169][131]LogModuleManager: Shutting down and abandoning module D3D11RHI (20)
[2020.05.04-01.26.15:169][131]LogModuleManager: Shutting down and abandoning module AnimGraphRuntime (18)
[2020.05.04-01.26.15:169][131]LogModuleManager: Shutting down and abandoning module Renderer (16)
[2020.05.04-01.26.15:169][131]LogModuleManager: Shutting down and abandoning module Engine (14)
[2020.05.04-01.26.15:169][131]LogModuleManager: Shutting down and abandoning module CoreUObject (12)
[2020.05.04-01.26.15:169][131]LogModuleManager: Shutting down and abandoning module NetworkFile (10)
[2020.05.04-01.26.15:169][131]LogModuleManager: Shutting down and abandoning module CookedIterativeFile (8)
[2020.05.04-01.26.15:169][131]LogModuleManager: Shutting down and abandoning module StreamingFile (6)
[2020.05.04-01.26.15:169][131]LogModuleManager: Shutting down and abandoning module SandboxFile (4)
[2020.05.04-01.26.15:169][131]LogModuleManager: Shutting down and abandoning module PakFile (2)
[2020.05.04-01.26.15:171][131]LogExit: Exiting.
[2020.05.04-01.26.15:175][131]Log file closed, 05/04/20 03:26:15
