Log file open, 06/28/20 22:36:49
LogWindows: Failed to load 'aqProf.dll' (GetLastError=126)
LogWindows: File 'aqProf.dll' does not exist
LogWindows: Failed to load 'VSPerf140.dll' (GetLastError=126)
LogWindows: File 'VSPerf140.dll' does not exist
LogWindows: Failed to load 'VtuneApi.dll' (GetLastError=126)
LogWindows: File 'VtuneApi.dll' does not exist
LogWindows: Failed to load 'VtuneApi32e.dll' (GetLastError=126)
LogWindows: File 'VtuneApi32e.dll' does not exist
LogInit: Display: Running engine for game: P1MKaraniewiczBiedny
LogPlatformFile: Not using cached read wrapper
LogTaskGraph: Started task graph with 5 named threads and 20 total threads with 3 sets of task threads.
LogStats: Stats thread started at 0.231949
LogD3D11RHI: Loaded GFSDK_Aftermath_Lib.x64.dll
LogICUInternationalization: Display: ICU TimeZone Detection - Raw Offset: +1:00, Platform Override: ''
LogPluginManager: Mounting plugin Paper2D
LogPluginManager: Mounting plugin AISupport
LogPluginManager: Mounting plugin LightPropagationVolume
LogPluginManager: Mounting plugin CLionSourceCodeAccess
LogPluginManager: Mounting plugin CodeLiteSourceCodeAccess
LogPluginManager: Mounting plugin GitSourceControl
LogPluginManager: Mounting plugin KDevelopSourceCodeAccess
LogPluginManager: Mounting plugin NullSourceCodeAccess
LogPluginManager: Mounting plugin PerforceSourceControl
LogPluginManager: Mounting plugin SubversionSourceControl
LogPluginManager: Mounting plugin UObjectPlugin
LogPluginManager: Mounting plugin VisualStudioCodeSourceCodeAccess
LogPluginManager: Mounting plugin VisualStudioSourceCodeAccess
LogPluginManager: Mounting plugin XCodeSourceCodeAccess
LogPluginManager: Mounting plugin AssetManagerEditor
LogPluginManager: Mounting plugin CryptoKeys
LogPluginManager: Mounting plugin DataValidation
LogPluginManager: Mounting plugin FacialAnimation
LogPluginManager: Mounting plugin GameplayTagsEditor
LogPluginManager: Mounting plugin MacGraphicsSwitching
LogPluginManager: Mounting plugin MeshEditor
LogPluginManager: Mounting plugin MobileLauncherProfileWizard
LogPluginManager: Mounting plugin PluginBrowser
LogPluginManager: Mounting plugin SpeedTreeImporter
LogPluginManager: Mounting plugin DatasmithContent
LogPluginManager: Mounting plugin AlembicImporter
LogPluginManager: Mounting plugin AppleImageUtils
LogPluginManager: Mounting plugin AppleVision
LogPluginManager: Mounting plugin BackChannel
LogPluginManager: Mounting plugin CharacterAI
LogPluginManager: Mounting plugin GeometryCache
LogPluginManager: Mounting plugin HTML5Networking
LogPluginManager: Mounting plugin ProxyLODPlugin
LogPluginManager: Mounting plugin MagicLeap
LogPluginManager: Mounting plugin MagicLeapEmulator
LogPluginManager: Mounting plugin MagicLeapMedia
LogPluginManager: Mounting plugin AndroidMedia
LogPluginManager: Mounting plugin AvfMedia
LogPluginManager: Mounting plugin ImgMedia
LogPluginManager: Mounting plugin LinearTimecode
LogPluginManager: Mounting plugin MediaCompositing
LogPluginManager: Mounting plugin MediaPlayerEditor
LogPluginManager: Mounting plugin WmfMedia
LogPluginManager: Mounting plugin TcpMessaging
LogPluginManager: Mounting plugin UdpMessaging
LogPluginManager: Mounting plugin ActorSequence
LogPluginManager: Mounting plugin LevelSequenceEditor
LogPluginManager: Mounting plugin MatineeToLevelSequence
LogPluginManager: Mounting plugin NetcodeUnitTest
LogPluginManager: Mounting plugin NUTUnrealEngine4
LogPluginManager: Mounting plugin OnlineSubsystemGooglePlay
LogPluginManager: Mounting plugin OnlineSubsystemIOS
LogPluginManager: Mounting plugin OnlineSubsystem
LogPluginManager: Mounting plugin OnlineSubsystemNull
LogPluginManager: Mounting plugin OnlineSubsystemUtils
LogPluginManager: Mounting plugin LauncherChunkInstaller
LogPluginManager: Mounting plugin AndroidDeviceProfileSelector
LogPluginManager: Mounting plugin AndroidMoviePlayer
LogPluginManager: Mounting plugin AndroidPermission
LogPluginManager: Mounting plugin AppleMoviePlayer
LogPluginManager: Mounting plugin ArchVisCharacter
LogPluginManager: Mounting plugin AudioCapture
LogPluginManager: Mounting plugin CableComponent
LogPluginManager: Mounting plugin CustomMeshComponent
LogPluginManager: Mounting plugin EditableMesh
LogPluginManager: Mounting plugin ExampleDeviceProfileSelector
LogPluginManager: Mounting plugin GoogleCloudMessaging
LogPluginManager: Mounting plugin ImmediatePhysics
LogPluginManager: Mounting plugin IOSDeviceProfileSelector
LogPluginManager: Mounting plugin LinuxDeviceProfileSelector
LogPluginManager: Mounting plugin LocationServicesBPLibrary
LogPluginManager: Mounting plugin MobilePatchingUtils
LogPluginManager: Mounting plugin OculusVR
LogPluginManager: Plugin shader directory ../../../Engine/Plugins/Runtime/Oculus/OculusVR/Shaders found
LogPluginManager: Mapping shader source directory ../../../Engine/Plugins/Runtime/Oculus/OculusVR/Shaders to virtual directory /Plugin/OculusVR
LogPluginManager: Mounting plugin PhysXVehicles
LogPluginManager: Mounting plugin ProceduralMeshComponent
LogPluginManager: Mounting plugin RuntimePhysXCooking
LogPluginManager: Mounting plugin SteamVR
LogPluginManager: Mounting plugin WindowsMoviePlayer
LogStreaming: Display: Took  0.132s to configure plugins.
LogInit: Using libcurl 7.55.1-DEV
LogInit:  - built for x86_64-pc-win32
LogInit:  - supports SSL with OpenSSL/1.0.2h
LogInit:  - supports HTTP deflate (compression) using libz 1.2.8
LogInit:  - other features:
LogInit:      CURL_VERSION_SSL
LogInit:      CURL_VERSION_LIBZ
LogInit:      CURL_VERSION_IPV6
LogInit:      CURL_VERSION_ASYNCHDNS
LogInit:      CURL_VERSION_LARGEFILE
LogInit:      CURL_VERSION_IDN
LogInit:  CurlRequestOptions (configurable via config and command line):
LogInit:  - bVerifyPeer = false  - Libcurl will NOT verify peer certificate
LogInit:  - bUseHttpProxy = false  - Libcurl will NOT use HTTP proxy
LogInit:  - bDontReuseConnections = false  - Libcurl will reuse connections
LogInit:  - CertBundlePath = nullptr  - Libcurl will use whatever was configured at build time.
LogInit:  - MaxHostConnections = 16  - Libcurl will limit the number of connections to a host
LogInit:  - LocalHostAddr = Default
LogInit:  - BufferSize = 65536
LogInit: WinSock: version 1.1 (2.2), MaxSocks=32767, MaxUdp=65467
LogInit: Build: ++UE4+Release-4.20-CL-4369336
LogInit: Engine Version: 4.20.3-4369336+++UE4+Release-4.20
LogInit: Compatible Engine Version: 4.20.0-4212847+++UE4+Release-4.20
LogInit: Net CL: 4212847
LogInit: OS: Windows 10 (), CPU: Intel(R) Core(TM) i5-8400 CPU @ 2.80GHz, GPU: NVIDIA GeForce GTX 1060 6GB
LogInit: Compiled (64-bit): Sep 17 2018 12:26:19
LogInit: Compiled with Visual C++: 19.13.26129.00
LogInit: Build Configuration: Development
LogInit: Branch Name: ++UE4+Release-4.20
LogInit: Command Line: -EpicPortal  -epicusername="winrar.softonic" -epicuserid=886dfd627f6d469092810e3d16102828 -epiclocale=en
LogInit: Base Directory: W:/Program Files/UE_4.20/Engine/Binaries/Win64/
LogInit: Installed Engine Build: 1
LogDevObjectVersion: Number of dev versions registered: 20
LogDevObjectVersion:   Dev-Blueprints (B0D832E4-1F89-4F0D-ACCF-7EB736FD4AA2): 10
LogDevObjectVersion:   Dev-Build (E1C64328-A22C-4D53-A36C-8E866417BD8C): 0
LogDevObjectVersion:   Dev-Core (375EC13C-06E4-48FB-B500-84F0262A717E): 2
LogDevObjectVersion:   Dev-Editor (E4B068ED-F494-42E9-A231-DA0B2E46BB41): 24
LogDevObjectVersion:   Dev-Framework (CFFC743F-43B0-4480-9391-14DF171D2073): 34
LogDevObjectVersion:   Dev-Mobile (B02B49B5-BB20-44E9-A304-32B752E40360): 2
LogDevObjectVersion:   Dev-Networking (A4E4105C-59A1-49B5-A7C5-40C4547EDFEE): 0
LogDevObjectVersion:   Dev-Online (39C831C9-5AE6-47DC-9A44-9C173E1C8E7C): 0
LogDevObjectVersion:   Dev-Physics (78F01B33-EBEA-4F98-B9B4-84EACCB95AA2): 0
LogDevObjectVersion:   Dev-Platform (6631380F-2D4D-43E0-8009-CF276956A95A): 0
LogDevObjectVersion:   Dev-Rendering (12F88B9F-8875-4AFC-A67C-D90C383ABD29): 26
LogDevObjectVersion:   Dev-Sequencer (7B5AE74C-D270-4C10-A958-57980B212A5A): 9
LogDevObjectVersion:   Dev-VR (D7296918-1DD6-4BDD-9DE2-64A83CC13884): 2
LogDevObjectVersion:   Dev-LoadTimes (C2A15278-BFE7-4AFE-6C17-90FF531DF755): 1
LogDevObjectVersion:   Private-Geometry (6EACA3D4-40EC-4CC1-B786-8BED09428FC5): 3
LogDevObjectVersion:   Dev-AnimPhys (29E575DD-E0A3-4627-9D10-D276232CDCEA): 17
LogDevObjectVersion:   Dev-ReflectionCapture (6B266CEC-1EC7-4B8F-A30B-E4D90942FC07): 1
LogDevObjectVersion:   Dev-Automation (0DF73D61-A23F-47EA-B727-89E90C41499A): 1
LogDevObjectVersion:   FortniteMain (601D1886-AC64-4F84-AA16-D3DE0DEAC7D6): 12
LogDevObjectVersion:   Dev-Enterprise (9DFFBCD6-494F-0158-E221-12823C92A888): 1
LogStreaming: Display: Took  0.000s to delete old logs.
LogInit: Presizing for max 8388607 objects, including 0 objects not considered by GC, pre-allocating 0 bytes for permanent pool.
LogInit: Object subsystem initialized
[2020.06.28-20.36.50:264][  0]LogInit: Selected Device Profile: [Windows]
[2020.06.28-20.36.50:264][  0]LogInit: Applying CVar settings loaded from the selected device profile: [Windows]
[2020.06.28-20.36.50:297][  0]LogHAL: Display: Platform has ~ 8 GB [8548777984 / 8589934592 / 8], which maps to Default [LargestMinGB=32, LargerMinGB=12, DefaultMinGB=8, SmallerMinGB=6, SmallestMinGB=0)
[2020.06.28-20.36.50:297][  0]LogInit: Setting Device Profile CVar: [[r.Vulkan.UseRealUBs:1]]
[2020.06.28-20.36.50:297][  0]LogInit: Going up to parent DeviceProfile []
[2020.06.28-20.36.50:297][  0]LogInit: Computer: DESKTOP-QD5PBN3
[2020.06.28-20.36.50:297][  0]LogInit: User: mkb
[2020.06.28-20.36.50:297][  0]LogInit: CPU Page size=4096, Cores=6
[2020.06.28-20.36.50:297][  0]LogInit: High frequency timer resolution =2.742189 MHz
[2020.06.28-20.36.50:298][  0]LogMemory: Memory total: Physical=8.0GB (8GB approx)
[2020.06.28-20.36.50:298][  0]LogMemory: Platform Memory Stats for Windows
[2020.06.28-20.36.50:298][  0]LogMemory: Process Physical Memory: 100.20 MB used, 100.20 MB peak
[2020.06.28-20.36.50:298][  0]LogMemory: Process Virtual Memory: 84.70 MB used, 84.70 MB peak
[2020.06.28-20.36.50:298][  0]LogMemory: Physical Memory: 5876.70 MB used,  2276.05 MB free, 8152.75 MB total
[2020.06.28-20.36.50:298][  0]LogMemory: Virtual Memory: 4630.17 MB used,  2276.05 MB free, 134217728.00 MB total
[2020.06.28-20.36.50:313][  0]LogInit: Using OS detected language (pl-PL).
[2020.06.28-20.36.50:313][  0]LogInit: Using OS detected locale (pl-PL).
[2020.06.28-20.36.50:313][  0]LogTextLocalizationManager: No specific localization for 'pl-PL' exists, so the 'pl' localization will be used.
[2020.06.28-20.36.50:314][  0]LogStreaming: Display: Took  0.002s to InitEngineTextLocalization.
[2020.06.28-20.36.50:315][  0]LogInit: Setting process to per monitor DPI aware
[2020.06.28-20.36.50:346][  0]LogSlate: New Slate User Created.  User Index 0, Is Virtual User: 0
[2020.06.28-20.36.50:346][  0]LogSlate: Slate User Registered.  User Index 0, Is Virtual User: 0
[2020.06.28-20.36.50:504][  0]LogHMD: Failed to initialize OpenVR with code 110
[2020.06.28-20.36.50:504][  0]LogD3D11RHI: D3D11 adapters:
[2020.06.28-20.36.50:560][  0]LogD3D11RHI:    0. 'NVIDIA GeForce GTX 1060 6GB' (Feature Level 11_0)
[2020.06.28-20.36.50:560][  0]LogD3D11RHI:       6052/0/4076 MB DedicatedVideo/DedicatedSystem/SharedSystem, Outputs:2, VendorId:0x10de
[2020.06.28-20.36.50:561][  0]LogD3D11RHI:    1. 'Microsoft Basic Render Driver' (Feature Level 11_0)
[2020.06.28-20.36.50:561][  0]LogD3D11RHI:       0/0/4076 MB DedicatedVideo/DedicatedSystem/SharedSystem, Outputs:0, VendorId:0x1414
[2020.06.28-20.36.50:561][  0]LogD3D11RHI: Chosen D3D11 Adapter: 0
[2020.06.28-20.36.50:568][  0]LogD3D11RHI: Creating new Direct3DDevice
[2020.06.28-20.36.50:568][  0]LogD3D11RHI:     GPU DeviceId: 0x1c03 (for the marketing name, search the web for "GPU Device Id")
[2020.06.28-20.36.50:568][  0]LogWindows: EnumDisplayDevices:
[2020.06.28-20.36.50:568][  0]LogWindows:    0. 'NVIDIA GeForce GTX 1060 6GB' (P:1 D:1)
[2020.06.28-20.36.50:568][  0]LogWindows:    1. 'NVIDIA GeForce GTX 1060 6GB' (P:0 D:1)
[2020.06.28-20.36.50:568][  0]LogWindows:    2. 'NVIDIA GeForce GTX 1060 6GB' (P:0 D:0)
[2020.06.28-20.36.50:568][  0]LogWindows:    3. 'NVIDIA GeForce GTX 1060 6GB' (P:0 D:0)
[2020.06.28-20.36.50:569][  0]LogWindows: DebugString: FoundDriverCount:4 
[2020.06.28-20.36.50:569][  0]LogD3D11RHI:     Adapter Name: NVIDIA GeForce GTX 1060 6GB
[2020.06.28-20.36.50:569][  0]LogD3D11RHI:   Driver Version: 445.87 (internal:26.21.14.4587, unified:445.87)
[2020.06.28-20.36.50:569][  0]LogD3D11RHI:      Driver Date: 4-3-2020
[2020.06.28-20.36.50:569][  0]LogRHI: Texture pool is 4236 MB (70% of 6052 MB)
[2020.06.28-20.36.50:607][  0]LogD3D11RHI: Async texture creation enabled
[2020.06.28-20.36.50:618][  0]LogD3D11RHI: GPU Timing Frequency: 1000.000000 (Debug: 2 1)
[2020.06.28-20.36.50:620][  0]LogShaderCompilers: Guid format shader working directory is -28 characters bigger than the processId version (../../../../../_OtherProjects/_UnrealEngineProjects/P1MKaraniewiczBiedny/Intermediate/Shaders/WorkingDirectory/1952/).
[2020.06.28-20.36.50:621][  0]LogShaderCompilers: Cleaned the shader compiler working directory 'C:/Users/mkb/AppData/Local/Temp/UnrealShaderWorkingDir/575159394C57097C3B54D9BD30E3D048/'.
[2020.06.28-20.36.50:829][  0]LogTemp: Display: Loaded TP AllDesktopTargetPlatform
[2020.06.28-20.36.50:841][  0]LogTemp: Display: Loaded TP MacClientTargetPlatform
[2020.06.28-20.36.50:853][  0]LogTemp: Display: Loaded TP MacNoEditorTargetPlatform
[2020.06.28-20.36.50:864][  0]LogTemp: Display: Loaded TP MacServerTargetPlatform
[2020.06.28-20.36.50:876][  0]LogTemp: Display: Loaded TP MacTargetPlatform
[2020.06.28-20.36.50:887][  0]LogTemp: Display: Loaded TP WindowsClientTargetPlatform
[2020.06.28-20.36.50:898][  0]LogTemp: Display: Loaded TP WindowsNoEditorTargetPlatform
[2020.06.28-20.36.50:910][  0]LogTemp: Display: Loaded TP WindowsServerTargetPlatform
[2020.06.28-20.36.50:915][  0]LogTemp: Display: Loaded TP WindowsTargetPlatform
[2020.06.28-20.36.50:987][  0]LogTemp: Display: Loaded TP AndroidTargetPlatform
[2020.06.28-20.36.50:987][  0]LogTemp: Display: Loaded TP AndroidTargetPlatform
[2020.06.28-20.36.50:987][  0]LogTemp: Display: Loaded TP AndroidTargetPlatform
[2020.06.28-20.36.50:987][  0]LogTemp: Display: Loaded TP AndroidTargetPlatform
[2020.06.28-20.36.50:987][  0]LogTemp: Display: Loaded TP AndroidTargetPlatform
[2020.06.28-20.36.50:987][  0]LogTemp: Display: Loaded TP AndroidTargetPlatform
[2020.06.28-20.36.50:987][  0]LogTemp: Display: Loaded TP AndroidTargetPlatform
[2020.06.28-20.36.50:987][  0]LogTemp: Display: Loaded TP AndroidTargetPlatform
[2020.06.28-20.36.50:987][  0]LogTemp: Display: Loaded TP AndroidTargetPlatform
[2020.06.28-20.36.50:987][  0]LogTemp: Display: Loaded TP AndroidTargetPlatform
[2020.06.28-20.36.50:987][  0]LogTemp: Display: Loaded TP AndroidTargetPlatform
[2020.06.28-20.36.50:987][  0]LogTemp: Display: Loaded TP AndroidTargetPlatform
[2020.06.28-20.36.50:987][  0]LogTemp: Display: Loaded TP AndroidTargetPlatform
[2020.06.28-20.36.50:987][  0]LogTemp: Display: Loaded TP AndroidTargetPlatform
[2020.06.28-20.36.50:987][  0]LogTemp: Display: Loaded TP AndroidTargetPlatform
[2020.06.28-20.36.50:987][  0]LogTemp: Display: Loaded TP AndroidTargetPlatform
[2020.06.28-20.36.50:987][  0]LogTemp: Display: Loaded TP AndroidTargetPlatform
[2020.06.28-20.36.50:987][  0]LogTemp: Display: Loaded TP AndroidTargetPlatform
[2020.06.28-20.36.50:988][  0]LogTemp: Display: Loaded TP HTML5TargetPlatform
[2020.06.28-20.36.51:044][  0]LogTemp: Display: Loaded TP IOSTargetPlatform
[2020.06.28-20.36.51:044][  0]LogTemp: Display: Loaded TP IOSTargetPlatform
[2020.06.28-20.36.51:064][  0]LogTemp: Display: Loaded TP TVOSTargetPlatform
[2020.06.28-20.36.51:064][  0]LogTemp: Display: Loaded TP TVOSTargetPlatform
[2020.06.28-20.36.51:075][  0]LogTemp: Display: Loaded TP LinuxClientTargetPlatform
[2020.06.28-20.36.51:087][  0]LogTemp: Display: Loaded TP LinuxNoEditorTargetPlatform
[2020.06.28-20.36.51:097][  0]LogTemp: Display: Loaded TP LinuxServerTargetPlatform
[2020.06.28-20.36.51:109][  0]LogTemp: Display: Loaded TP LinuxTargetPlatform
[2020.06.28-20.36.51:116][  0]LogTemp: Display: Loaded TP LuminTargetPlatform
[2020.06.28-20.36.51:116][  0]LogTargetPlatformManager: Display: Building Assets For Windows
[2020.06.28-20.36.51:155][  0]LogXGEController: Cannot use XGE Controller as Incredibuild is not installed on this machine.
[2020.06.28-20.36.51:155][  0]LogShaderCompilers: Cannot use XGE Shader Compiler as Incredibuild is not installed on this machine.
[2020.06.28-20.36.51:155][  0]LogShaderCompilers: Display: Using Local Shader Compiler.
[2020.06.28-20.36.51:771][  0]LogDerivedDataCache: Display: Max Cache Size: 512 MB
[2020.06.28-20.36.51:821][  0]LogDerivedDataCache: Loaded boot cache 0.05s 71MB C:/Users/mkb/AppData/Local/UnrealEngine/4.20/DerivedDataCache/Boot.ddc.
[2020.06.28-20.36.51:822][  0]LogDerivedDataCache: Display: Loaded Boot cache: C:/Users/mkb/AppData/Local/UnrealEngine/4.20/DerivedDataCache/Boot.ddc
[2020.06.28-20.36.51:822][  0]LogDerivedDataCache: FDerivedDataBackendGraph:  Pak pak cache file ../../../../../_OtherProjects/_UnrealEngineProjects/P1MKaraniewiczBiedny/DerivedDataCache/DDC.ddp not found, will not use a pak cache.
[2020.06.28-20.36.51:822][  0]LogDerivedDataCache: Unable to find inner node Pak for hierarchical cache Hierarchy.
[2020.06.28-20.36.51:822][  0]LogDerivedDataCache: FDerivedDataBackendGraph:  CompressedPak pak cache file ../../../../../_OtherProjects/_UnrealEngineProjects/P1MKaraniewiczBiedny/DerivedDataCache/Compressed.ddp not found, will not use a pak cache.
[2020.06.28-20.36.51:822][  0]LogDerivedDataCache: Unable to find inner node CompressedPak for hierarchical cache Hierarchy.
[2020.06.28-20.36.51:835][  0]LogDerivedDataCache: Display: Pak cache opened for reading ../../../Engine/DerivedDataCache/Compressed.ddp.
[2020.06.28-20.36.51:847][  0]LogDerivedDataCache: Using Local data cache path C:/Users/mkb/AppData/Local/UnrealEngine/Common/DerivedDataCache: Writable
[2020.06.28-20.36.51:847][  0]LogDerivedDataCache: Shared data cache path not found in *engine.ini, will not use an Shared cache.
[2020.06.28-20.36.51:847][  0]LogDerivedDataCache: Unable to find inner node Shared for hierarchical cache Hierarchy.
[2020.06.28-20.36.51:862][  0]LogMaterial: Verifying Global Shaders for PCD3D_SM5
[2020.06.28-20.36.51:863][  0]LogSlate: Using FreeType 2.6.0
[2020.06.28-20.36.51:863][  0]LogSlate: SlateFontServices - WITH_FREETYPE: 1, WITH_HARFBUZZ: 1
[2020.06.28-20.36.51:930][  0]LogAssetRegistry: FAssetRegistry took 0.0255 seconds to start up
[2020.06.28-20.36.52:200][  0]LogInit: Selected Device Profile: [Windows]
[2020.06.28-20.36.52:307][  0]LogSimplygon: Simplygon DLL not present - disabling.
[2020.06.28-20.36.52:309][  0]LogMeshReduction: Using SimplygonSwarm for distributed automatic mesh merging
[2020.06.28-20.36.52:309][  0]LogMeshReduction: Using ProxyLODMeshReduction for automatic mesh merging
[2020.06.28-20.36.52:309][  0]LogMeshReduction: Using QuadricMeshReduction for automatic static mesh reduction
[2020.06.28-20.36.52:309][  0]LogMeshReduction: No automatic skeletal mesh reduction module available
[2020.06.28-20.36.52:326][  0]LogNetVersion: P1MKaraniewiczBiedny 1.0.0, NetCL: 4212847, EngineNetVer: 5, GameNetVer: 0 (Checksum: 2590875377)
[2020.06.28-20.36.52:744][  0]LogPackageLocalizationCache: Processed 11 localized package path(s) for 2 prioritized culture(s) in 0.084237 seconds
[2020.06.28-20.36.52:749][  0]LogUObjectArray: 38425 objects as part of root set at end of initial load.
[2020.06.28-20.36.52:749][  0]LogUObjectAllocator: 6690864 out of 0 bytes used by permanent object pool.
[2020.06.28-20.36.52:749][  0]LogUObjectArray: CloseDisregardForGC: 0/0 objects in disregard for GC pool
[2020.06.28-20.36.53:424][  0]LogTcpMessaging: Initializing TcpMessaging bridge
[2020.06.28-20.36.53:436][  0]LogUdpMessaging: Initializing bridge on interface 0.0.0.0:0 to multicast group 230.0.0.1:6666.
[2020.06.28-20.36.53:558][  0]SourceControl: Source control is disabled
[2020.06.28-20.36.53:558][  0]SourceControl: Source control is disabled
[2020.06.28-20.36.53:559][  0]SourceControl: Source control is disabled
[2020.06.28-20.36.53:560][  0]SourceControl: Source control is disabled
[2020.06.28-20.36.53:720][  0]LogAndroidPermission: UAndroidPermissionCallbackProxy::GetInstance
[2020.06.28-20.36.53:833][  0]LogOcInput: OculusInput pre-init called
[2020.06.28-20.36.53:883][  0]LogEngine: Initializing Engine...
[2020.06.28-20.36.53:884][  0]LogHMD: Failed to initialize OpenVR with code 110
[2020.06.28-20.36.53:885][  0]LogStats: UGameplayTagsManager::ConstructGameplayTagTree: ImportINI prefixes -  0.000 s
[2020.06.28-20.36.53:885][  0]LogStats: UGameplayTagsManager::ConstructGameplayTagTree: Construct from data asset -  0.000 s
[2020.06.28-20.36.53:885][  0]LogStats: UGameplayTagsManager::ConstructGameplayTagTree: ImportINI -  0.000 s
[2020.06.28-20.36.53:885][  0]LogStats: UGameplayTagsManager::ConstructGameplayTagTree: GameplayTagTreeChangedEvent.Broadcast -  0.000 s
[2020.06.28-20.36.54:059][  0]LogInit: Initializing FReadOnlyCVARCache
[2020.06.28-20.36.54:067][  0]LogAIModule: Creating AISystem for world Untitled
[2020.06.28-20.36.54:109][  0]LogInit: XAudio2 using 'Głośniki (Realtek(R) Audio)' : 2 channels at 48 kHz using 32 bits per sample (channel mask 0x3)
[2020.06.28-20.36.54:127][  0]LogInit: FAudioDevice initialized.
[2020.06.28-20.36.54:128][  0]LogNetVersion: Set ProjectVersion to 1.0.0.0. Version Checksum will be recalculated on next use.
[2020.06.28-20.36.54:199][  0]LogDerivedDataCache: Saved boot cache 0.07s 71MB C:/Users/mkb/AppData/Local/UnrealEngine/4.20/DerivedDataCache/Boot.ddc.
[2020.06.28-20.36.54:208][  0]LogInit: Texture streaming: Enabled
[2020.06.28-20.36.54:219][  0]LogEngineSessionManager: EngineSessionManager initialized
[2020.06.28-20.36.54:229][  0]LogInit: Transaction tracking system initialized
[2020.06.28-20.36.54:244][  0]BlueprintLog: New page: Editor Load
[2020.06.28-20.36.54:291][  0]LocalizationService: Localization service is disabled
[2020.06.28-20.36.54:504][  0]LogCook: Display: Max memory allowance for cook 16384mb min free memory 0mb
[2020.06.28-20.36.54:504][  0]LogCook: Display: Mobile HDR setting 1
[2020.06.28-20.36.54:504][  0]LogGameplayTags: Display: UGameplayTagsManager::DoneAddingNativeTags. DelegateIsBound: 0
[2020.06.28-20.36.54:504][  0]LogStats: UGameplayTagsManager::ConstructGameplayTagTree: ImportINI prefixes -  0.000 s
[2020.06.28-20.36.54:504][  0]LogStats: UGameplayTagsManager::ConstructGameplayTagTree: Construct from data asset -  0.000 s
[2020.06.28-20.36.54:505][  0]LogStats: UGameplayTagsManager::ConstructGameplayTagTree: ImportINI -  0.000 s
[2020.06.28-20.36.54:505][  0]LogStats: UGameplayTagsManager::ConstructGameplayTagTree: GameplayTagTreeChangedEvent.Broadcast -  0.000 s
[2020.06.28-20.36.54:588][  0]LogFileCache: Scanning file cache for directory 'W:/_OtherProjects/_UnrealEngineProjects/P1MKaraniewiczBiedny/Content/' took 0.01s
[2020.06.28-20.36.54:588][  0]SourceControl: Source control is disabled
[2020.06.28-20.36.54:588][  0]Cmd: MAP LOAD FILE="../../../../../_OtherProjects/_UnrealEngineProjects/P1MKaraniewiczBiedny/Content/Level.umap" TEMPLATE=0 SHOWPROGRESS=1 FEATURELEVEL=3
[2020.06.28-20.36.54:588][  0]LightingResults: New page: Lighting Build
[2020.06.28-20.36.54:590][  0]MapCheck: New page: Map Check
[2020.06.28-20.36.54:590][  0]LightingResults: New page: Lighting Build
[2020.06.28-20.36.55:030][  0]LogAIModule: Creating AISystem for world Level
[2020.06.28-20.36.55:034][  0]LogEditorServer: Finished looking for orphan Actors (0.000 secs)
[2020.06.28-20.36.55:056][  0]Cmd: MAP CHECKDEP NOCLEARLOG
[2020.06.28-20.36.55:097][  0]MapCheck: Map check complete: 0 Error(s), 0 Warning(s), took 41,37ms to complete.
[2020.06.28-20.36.55:097][  0]LogFileHelpers: Loading map 'Level' took 0.509
[2020.06.28-20.36.55:264][  0]LogSlate: Updating window title bar state: overlay mode, drag disabled, window buttons hidden, title bar hidden
[2020.06.28-20.36.55:271][  0]LogSlate: Updating window title bar state: overlay mode, drag disabled, window buttons hidden, title bar hidden
[2020.06.28-20.36.55:277][  0]LogSlate: Updating window title bar state: overlay mode, drag disabled, window buttons hidden, title bar hidden
[2020.06.28-20.36.55:283][  0]LogSlate: Updating window title bar state: overlay mode, drag disabled, window buttons hidden, title bar hidden
[2020.06.28-20.36.55:292][  0]LogCollectionManager: Loaded 0 collections in 0.000760 seconds
[2020.06.28-20.36.55:334][  0]LogFileCache: Scanning file cache for directory 'W:/_OtherProjects/_UnrealEngineProjects/P1MKaraniewiczBiedny/Saved/Collections/' took 0.01s
[2020.06.28-20.36.55:334][  0]LogFileCache: Scanning file cache for directory 'W:/_OtherProjects/_UnrealEngineProjects/P1MKaraniewiczBiedny/Content/Developers/mkb/Collections/' took 0.01s
[2020.06.28-20.36.55:334][  0]LogFileCache: Scanning file cache for directory 'W:/_OtherProjects/_UnrealEngineProjects/P1MKaraniewiczBiedny/Content/Collections/' took 0.01s
[2020.06.28-20.36.55:334][  0]LogCollectionManager: Rebuilt the GUID cache for 0 collections in 0.000001 seconds
[2020.06.28-20.36.55:343][  0]LogContentBrowser: Native class hierarchy populated in 0.0079 seconds. Added 2572 classes and 603 folders.
[2020.06.28-20.36.55:347][  0]LogContentBrowser: Native class hierarchy updated for 'WidgetCarousel' in 0.0002 seconds. Added 0 classes and 0 folders.
[2020.06.28-20.36.56:425][  0]LogContentBrowser: Native class hierarchy updated for 'AddContentDialog' in 0.0002 seconds. Added 0 classes and 0 folders.
[2020.06.28-20.36.56:459][  0]LogContentBrowser: Native class hierarchy updated for 'SceneOutliner' in 0.0002 seconds. Added 1 classes and 2 folders.
[2020.06.28-20.36.56:471][  0]LogSlate: Took 0.000208 seconds to synchronously load lazily loaded font '../../../Engine/Content/Slate/Fonts/Roboto-Regular.ttf' (155K)
[2020.06.28-20.36.56:473][  0]LogSlate: Took 0.000300 seconds to synchronously load lazily loaded font '../../../Engine/Content/Slate/Fonts/Roboto-Bold.ttf' (160K)
[2020.06.28-20.36.56:496][  0]LogSlate: Took 0.019312 seconds to synchronously load lazily loaded font '../../../Engine/Content/Editor/Slate/Fonts/FontAwesome.ttf' (139K)
[2020.06.28-20.36.56:702][  0]LogRenderer: Reallocating scene render targets to support 896x576 Format 10 NumSamples 1 (Frame:1).
[2020.06.28-20.36.56:780][  0]LogSlate: Took 0.038227 seconds to synchronously load lazily loaded font '../../../Engine/Content/Slate/Fonts/Roboto-Light.ttf' (167K)
[2020.06.28-20.36.56:845][  0]LogContentBrowser: Native class hierarchy updated for 'HierarchicalLODOutliner' in 0.0002 seconds. Added 0 classes and 0 folders.
[2020.06.28-20.36.56:845][  0]LogLoad: (Engine Initialization) Total time: 8.02 seconds
[2020.06.28-20.36.56:845][  0]LogLoad: (Engine Initialization) Total Blueprint compile time: 0.00 seconds
[2020.06.28-20.36.56:855][  0]LogWindowsTextInputMethodSystem: Display: IME system now deactivated.
[2020.06.28-20.36.56:875][  0]LogContentStreaming: Texture pool size now 1000 MB
[2020.06.28-20.36.56:980][  1]LogAssetRegistry: Asset discovery search completed in 5.0716 seconds
[2020.06.28-20.36.56:981][  1]LogCollectionManager: Rebuilt the object cache for 0 collections in 0.000000 seconds (found 0 objects)
[2020.06.28-20.36.56:981][  1]LogCollectionManager: Fixed up redirectors for 0 collections in 0.000059 seconds (updated 0 objects)
[2020.06.28-20.37.00:660][436]LogSlate: FSceneViewport::OnFocusLost() reason 0
[2020.06.28-20.37.00:701][441]LogTemp: Repeating last play command: Selected Viewport
[2020.06.28-20.37.00:716][441]LogBlueprintUserMessages: Early PlayInEditor Detection: Level '/Game/Level.Level:PersistentLevel' has LevelScriptBlueprint '/Game/Level.Level:PersistentLevel.Level' with GeneratedClass '/Game/Level.Level_C' with ClassGeneratedBy '/Game/Level.Level:PersistentLevel.Level'
[2020.06.28-20.37.00:716][441]LogPlayLevel: PlayLevel: No blueprints needed recompiling
[2020.06.28-20.37.00:729][441]PIE: New page: PIE session: Level (29 cze 2020, 00:37:00)
[2020.06.28-20.37.00:729][441]LogPlayLevel: Creating play world package: /Game/UEDPIE_0_Level
[2020.06.28-20.37.00:732][441]LogPlayLevel: PIE: StaticDuplicateObject took: (0.002560s)
[2020.06.28-20.37.00:732][441]LogAIModule: Creating AISystem for world Level
[2020.06.28-20.37.00:732][441]LogPlayLevel: PIE: World Init took: (0.000591s)
[2020.06.28-20.37.00:732][441]LogPlayLevel: PIE: Created PIE world by copying editor world from /Game/Level.Level to /Game/UEDPIE_0_Level.Level (0.003253s)
[2020.06.28-20.37.00:782][441]LogInit: XAudio2 using 'Głośniki (Realtek(R) Audio)' : 2 channels at 48 kHz using 32 bits per sample (channel mask 0x3)
[2020.06.28-20.37.00:796][441]LogInit: FAudioDevice initialized.
[2020.06.28-20.37.00:840][441]LogLoad: Game class is 'GameModeBase'
[2020.06.28-20.37.00:842][441]LogWorld: Bringing World /Game/UEDPIE_0_Level.Level up for play (max tick rate 0) at 2020.06.28-22.37.00
[2020.06.28-20.37.00:842][441]LogWorld: Bringing up level for play took: 0.000697
[2020.06.28-20.37.00:857][441]LogContentBrowser: Native class hierarchy updated for 'MovieSceneCapture' in 0.0002 seconds. Added 10 classes and 0 folders.
[2020.06.28-20.37.00:858][441]LogBlueprintUserMessages: [Level_C_9] Witaj w moim labiryncie! Sprawdźmy jak szybko z niego uciekniesz!
[2020.06.28-20.37.00:858][441]PIE: Play in editor start time for /Game/UEDPIE_0_Level -0,316
[2020.06.28-20.37.00:858][441]LogBlueprintUserMessages: Late PlayInEditor Detection: Level '/Game/Level.Level:PersistentLevel' has LevelScriptBlueprint '/Game/Level.Level:PersistentLevel.Level' with GeneratedClass '/Game/Level.Level_C' with ClassGeneratedBy '/Game/Level.Level:PersistentLevel.Level'
[2020.06.28-20.37.14:054][ 21]LogBlueprintUserMessages: [Level_C_9] Bardzo dobrze! Przeszedłeś labirynt w13,36 sekund!
[2020.06.28-20.37.18:055][501]LogNet: Browse: /Game/Level
[2020.06.28-20.37.18:055][501]LogLoad: LoadMap: /Game/Level
[2020.06.28-20.37.18:076][501]LogPlayLevel: Creating play world package: /Game/UEDPIE_0_Level
[2020.06.28-20.37.18:079][501]LogPlayLevel: PIE: StaticDuplicateObject took: (0.002569s)
[2020.06.28-20.37.18:079][501]LogAIModule: Creating AISystem for world Level
[2020.06.28-20.37.18:080][501]LogPlayLevel: PIE: World Init took: (0.000554s)
[2020.06.28-20.37.18:080][501]LogPlayLevel: PIE: Created PIE world by copying editor world from /Game/Level.Level to /Game/UEDPIE_0_Level.Level (0.003245s)
[2020.06.28-20.37.18:080][501]LogLoad: Game class is 'GameModeBase'
[2020.06.28-20.37.18:081][501]LogWorld: Bringing World /Game/UEDPIE_0_Level.Level up for play (max tick rate 0) at 2020.06.28-22.37.18
[2020.06.28-20.37.18:081][501]LogWorld: Bringing up level for play took: 0.000675
[2020.06.28-20.37.18:082][501]LogBlueprintUserMessages: [Level_C_9] Witaj w moim labiryncie! Sprawdźmy jak szybko z niego uciekniesz!
[2020.06.28-20.37.18:082][501]LogLoad: Took 0.027461 seconds to LoadMap(/Game/UEDPIE_0_Level)
[2020.06.28-20.37.26:946][564]LogBlueprintUserMessages: [Level_C_9] Bardzo dobrze! Przeszedłeś labirynt w8,9 sekund!
[2020.06.28-20.37.29:395][858]LogNet: Browse: /Game/Level
[2020.06.28-20.37.29:396][858]LogLoad: LoadMap: /Game/Level
[2020.06.28-20.37.29:417][858]LogPlayLevel: Creating play world package: /Game/UEDPIE_0_Level
[2020.06.28-20.37.29:420][858]LogPlayLevel: PIE: StaticDuplicateObject took: (0.002439s)
[2020.06.28-20.37.29:420][858]LogAIModule: Creating AISystem for world Level
[2020.06.28-20.37.29:420][858]LogPlayLevel: PIE: World Init took: (0.000589s)
[2020.06.28-20.37.29:420][858]LogPlayLevel: PIE: Created PIE world by copying editor world from /Game/Level.Level to /Game/UEDPIE_0_Level.Level (0.003180s)
[2020.06.28-20.37.29:420][858]LogLoad: Game class is 'GameModeBase'
[2020.06.28-20.37.29:422][858]LogWorld: Bringing World /Game/UEDPIE_0_Level.Level up for play (max tick rate 0) at 2020.06.28-22.37.29
[2020.06.28-20.37.29:422][858]LogWorld: Bringing up level for play took: 0.000662
[2020.06.28-20.37.29:423][858]LogBlueprintUserMessages: [Level_C_9] Witaj w moim labiryncie! Sprawdźmy jak szybko z niego uciekniesz!
[2020.06.28-20.37.29:423][858]LogLoad: Took 0.027063 seconds to LoadMap(/Game/UEDPIE_0_Level)
[2020.06.28-20.37.45:563][794]LogBlueprintUserMessages: [Level_C_9] Bardzo dobrze! Przeszedłeś labirynt w16,18 sekund!
[2020.06.28-20.37.49:563][274]LogNet: Browse: /Game/Level
[2020.06.28-20.37.49:563][274]LogLoad: LoadMap: /Game/Level
[2020.06.28-20.37.49:585][274]LogPlayLevel: Creating play world package: /Game/UEDPIE_0_Level
[2020.06.28-20.37.49:587][274]LogPlayLevel: PIE: StaticDuplicateObject took: (0.002539s)
[2020.06.28-20.37.49:588][274]LogAIModule: Creating AISystem for world Level
[2020.06.28-20.37.49:588][274]LogPlayLevel: PIE: World Init took: (0.000593s)
[2020.06.28-20.37.49:588][274]LogPlayLevel: PIE: Created PIE world by copying editor world from /Game/Level.Level to /Game/UEDPIE_0_Level.Level (0.003254s)
[2020.06.28-20.37.49:588][274]LogLoad: Game class is 'GameModeBase'
[2020.06.28-20.37.49:589][274]LogWorld: Bringing World /Game/UEDPIE_0_Level.Level up for play (max tick rate 0) at 2020.06.28-22.37.49
[2020.06.28-20.37.49:589][274]LogWorld: Bringing up level for play took: 0.000520
[2020.06.28-20.37.49:590][274]LogBlueprintUserMessages: [Level_C_9] Witaj w moim labiryncie! Sprawdźmy jak szybko z niego uciekniesz!
[2020.06.28-20.37.49:590][274]LogLoad: Took 0.027058 seconds to LoadMap(/Game/UEDPIE_0_Level)
[2020.06.28-20.37.52:311][600]LogNet: Browse: /Game/Level
[2020.06.28-20.37.52:312][600]LogLoad: LoadMap: /Game/Level
[2020.06.28-20.37.52:333][600]LogPlayLevel: Creating play world package: /Game/UEDPIE_0_Level
[2020.06.28-20.37.52:336][600]LogPlayLevel: PIE: StaticDuplicateObject took: (0.002565s)
[2020.06.28-20.37.52:336][600]LogAIModule: Creating AISystem for world Level
[2020.06.28-20.37.52:336][600]LogPlayLevel: PIE: World Init took: (0.000504s)
[2020.06.28-20.37.52:336][600]LogPlayLevel: PIE: Created PIE world by copying editor world from /Game/Level.Level to /Game/UEDPIE_0_Level.Level (0.003190s)
[2020.06.28-20.37.52:336][600]LogLoad: Game class is 'GameModeBase'
[2020.06.28-20.37.52:337][600]LogWorld: Bringing World /Game/UEDPIE_0_Level.Level up for play (max tick rate 0) at 2020.06.28-22.37.52
[2020.06.28-20.37.52:338][600]LogWorld: Bringing up level for play took: 0.000642
[2020.06.28-20.37.52:339][600]LogBlueprintUserMessages: [Level_C_9] Witaj w moim labiryncie! Sprawdźmy jak szybko z niego uciekniesz!
[2020.06.28-20.37.52:339][600]LogLoad: Took 0.027099 seconds to LoadMap(/Game/UEDPIE_0_Level)
[2020.06.28-20.37.56:252][ 69]LogNet: Browse: /Game/Level
[2020.06.28-20.37.56:252][ 69]LogLoad: LoadMap: /Game/Level
[2020.06.28-20.37.56:273][ 69]LogPlayLevel: Creating play world package: /Game/UEDPIE_0_Level
[2020.06.28-20.37.56:276][ 69]LogPlayLevel: PIE: StaticDuplicateObject took: (0.002440s)
[2020.06.28-20.37.56:276][ 69]LogAIModule: Creating AISystem for world Level
[2020.06.28-20.37.56:276][ 69]LogPlayLevel: PIE: World Init took: (0.000494s)
[2020.06.28-20.37.56:276][ 69]LogPlayLevel: PIE: Created PIE world by copying editor world from /Game/Level.Level to /Game/UEDPIE_0_Level.Level (0.003057s)
[2020.06.28-20.37.56:276][ 69]LogLoad: Game class is 'GameModeBase'
[2020.06.28-20.37.56:278][ 69]LogWorld: Bringing World /Game/UEDPIE_0_Level.Level up for play (max tick rate 0) at 2020.06.28-22.37.56
[2020.06.28-20.37.56:278][ 69]LogWorld: Bringing up level for play took: 0.000485
[2020.06.28-20.37.56:279][ 69]LogBlueprintUserMessages: [Level_C_9] Witaj w moim labiryncie! Sprawdźmy jak szybko z niego uciekniesz!
[2020.06.28-20.37.56:279][ 69]LogLoad: Took 0.026974 seconds to LoadMap(/Game/UEDPIE_0_Level)
[2020.06.28-20.38.02:764][843]LogNet: Browse: /Game/Level
[2020.06.28-20.38.02:764][843]LogLoad: LoadMap: /Game/Level
[2020.06.28-20.38.02:786][843]LogPlayLevel: Creating play world package: /Game/UEDPIE_0_Level
[2020.06.28-20.38.02:788][843]LogPlayLevel: PIE: StaticDuplicateObject took: (0.002575s)
[2020.06.28-20.38.02:788][843]LogAIModule: Creating AISystem for world Level
[2020.06.28-20.38.02:788][843]LogPlayLevel: PIE: World Init took: (0.000520s)
[2020.06.28-20.38.02:789][843]LogPlayLevel: PIE: Created PIE world by copying editor world from /Game/Level.Level to /Game/UEDPIE_0_Level.Level (0.003309s)
[2020.06.28-20.38.02:789][843]LogLoad: Game class is 'GameModeBase'
[2020.06.28-20.38.02:790][843]LogWorld: Bringing World /Game/UEDPIE_0_Level.Level up for play (max tick rate 0) at 2020.06.28-22.38.02
[2020.06.28-20.38.02:790][843]LogWorld: Bringing up level for play took: 0.000635
[2020.06.28-20.38.02:791][843]LogBlueprintUserMessages: [Level_C_9] Witaj w moim labiryncie! Sprawdźmy jak szybko z niego uciekniesz!
[2020.06.28-20.38.02:791][843]LogLoad: Took 0.026985 seconds to LoadMap(/Game/UEDPIE_0_Level)
[2020.06.28-20.38.04:344][ 29]LogNet: Browse: /Game/Level
[2020.06.28-20.38.04:345][ 29]LogLoad: LoadMap: /Game/Level
[2020.06.28-20.38.04:366][ 29]LogPlayLevel: Creating play world package: /Game/UEDPIE_0_Level
[2020.06.28-20.38.04:369][ 29]LogPlayLevel: PIE: StaticDuplicateObject took: (0.002522s)
[2020.06.28-20.38.04:369][ 29]LogAIModule: Creating AISystem for world Level
[2020.06.28-20.38.04:369][ 29]LogPlayLevel: PIE: World Init took: (0.000496s)
[2020.06.28-20.38.04:369][ 29]LogPlayLevel: PIE: Created PIE world by copying editor world from /Game/Level.Level to /Game/UEDPIE_0_Level.Level (0.003141s)
[2020.06.28-20.38.04:369][ 29]LogLoad: Game class is 'GameModeBase'
[2020.06.28-20.38.04:370][ 29]LogWorld: Bringing World /Game/UEDPIE_0_Level.Level up for play (max tick rate 0) at 2020.06.28-22.38.04
[2020.06.28-20.38.04:370][ 29]LogWorld: Bringing up level for play took: 0.000575
[2020.06.28-20.38.04:371][ 29]LogBlueprintUserMessages: [Level_C_9] Witaj w moim labiryncie! Sprawdźmy jak szybko z niego uciekniesz!
[2020.06.28-20.38.04:371][ 29]LogLoad: Took 0.026920 seconds to LoadMap(/Game/UEDPIE_0_Level)
[2020.06.28-20.38.13:653][142]LogNet: Browse: /Game/Level
[2020.06.28-20.38.13:653][142]LogLoad: LoadMap: /Game/Level
[2020.06.28-20.38.13:674][142]LogPlayLevel: Creating play world package: /Game/UEDPIE_0_Level
[2020.06.28-20.38.13:677][142]LogPlayLevel: PIE: StaticDuplicateObject took: (0.002482s)
[2020.06.28-20.38.13:677][142]LogAIModule: Creating AISystem for world Level
[2020.06.28-20.38.13:677][142]LogPlayLevel: PIE: World Init took: (0.000628s)
[2020.06.28-20.38.13:677][142]LogPlayLevel: PIE: Created PIE world by copying editor world from /Game/Level.Level to /Game/UEDPIE_0_Level.Level (0.003236s)
[2020.06.28-20.38.13:677][142]LogLoad: Game class is 'GameModeBase'
[2020.06.28-20.38.13:678][142]LogWorld: Bringing World /Game/UEDPIE_0_Level.Level up for play (max tick rate 0) at 2020.06.28-22.38.13
[2020.06.28-20.38.13:679][142]LogWorld: Bringing up level for play took: 0.000701
[2020.06.28-20.38.13:680][142]LogBlueprintUserMessages: [Level_C_9] Witaj w moim labiryncie! Sprawdźmy jak szybko z niego uciekniesz!
[2020.06.28-20.38.13:680][142]LogLoad: Took 0.026950 seconds to LoadMap(/Game/UEDPIE_0_Level)
[2020.06.28-20.38.24:057][385]LogBlueprintUserMessages: [Level_C_9] Bardzo dobrze! Przeszedłeś labirynt w10,41 sekund!
[2020.06.28-20.38.28:058][865]LogNet: Browse: /Game/Level
[2020.06.28-20.38.28:058][865]LogLoad: LoadMap: /Game/Level
[2020.06.28-20.38.28:079][865]LogPlayLevel: Creating play world package: /Game/UEDPIE_0_Level
[2020.06.28-20.38.28:081][865]LogPlayLevel: PIE: StaticDuplicateObject took: (0.002425s)
[2020.06.28-20.38.28:082][865]LogAIModule: Creating AISystem for world Level
[2020.06.28-20.38.28:082][865]LogPlayLevel: PIE: World Init took: (0.000483s)
[2020.06.28-20.38.28:082][865]LogPlayLevel: PIE: Created PIE world by copying editor world from /Game/Level.Level to /Game/UEDPIE_0_Level.Level (0.003025s)
[2020.06.28-20.38.28:082][865]LogLoad: Game class is 'GameModeBase'
[2020.06.28-20.38.28:083][865]LogWorld: Bringing World /Game/UEDPIE_0_Level.Level up for play (max tick rate 0) at 2020.06.28-22.38.28
[2020.06.28-20.38.28:083][865]LogWorld: Bringing up level for play took: 0.000499
[2020.06.28-20.38.28:084][865]LogBlueprintUserMessages: [Level_C_9] Witaj w moim labiryncie! Sprawdźmy jak szybko z niego uciekniesz!
[2020.06.28-20.38.28:084][865]LogLoad: Took 0.026615 seconds to LoadMap(/Game/UEDPIE_0_Level)
[2020.06.28-20.38.36:031][818]LogNet: Browse: /Game/Level
[2020.06.28-20.38.36:031][818]LogLoad: LoadMap: /Game/Level
[2020.06.28-20.38.36:053][818]LogPlayLevel: Creating play world package: /Game/UEDPIE_0_Level
[2020.06.28-20.38.36:055][818]LogPlayLevel: PIE: StaticDuplicateObject took: (0.002513s)
[2020.06.28-20.38.36:056][818]LogAIModule: Creating AISystem for world Level
[2020.06.28-20.38.36:056][818]LogPlayLevel: PIE: World Init took: (0.000499s)
[2020.06.28-20.38.36:056][818]LogPlayLevel: PIE: Created PIE world by copying editor world from /Game/Level.Level to /Game/UEDPIE_0_Level.Level (0.003131s)
[2020.06.28-20.38.36:056][818]LogLoad: Game class is 'GameModeBase'
[2020.06.28-20.38.36:057][818]LogWorld: Bringing World /Game/UEDPIE_0_Level.Level up for play (max tick rate 0) at 2020.06.28-22.38.36
[2020.06.28-20.38.36:057][818]LogWorld: Bringing up level for play took: 0.000735
[2020.06.28-20.38.36:059][818]LogBlueprintUserMessages: [Level_C_9] Witaj w moim labiryncie! Sprawdźmy jak szybko z niego uciekniesz!
[2020.06.28-20.38.36:059][818]LogLoad: Took 0.027154 seconds to LoadMap(/Game/UEDPIE_0_Level)
[2020.06.28-20.38.37:246][960]LogBlueprintUserMessages: Early EndPlayMap Detection: Level '/Game/Level.Level:PersistentLevel' has LevelScriptBlueprint '/Game/Level.Level:PersistentLevel.Level' with GeneratedClass '/Game/Level.Level_C' with ClassGeneratedBy '/Game/Level.Level:PersistentLevel.Level'
[2020.06.28-20.38.37:247][960]LogSlate: Updating window title bar state: overlay mode, drag disabled, window buttons hidden, title bar hidden
[2020.06.28-20.38.37:284][960]LogPlayLevel: Display: Shutting down PIE online subsystems
[2020.06.28-20.38.37:284][960]LogBlueprintUserMessages: Late EndPlayMap Detection: Level '/Game/Level.Level:PersistentLevel' has LevelScriptBlueprint '/Game/Level.Level:PersistentLevel.Level' with GeneratedClass '/Game/Level.Level_C' with ClassGeneratedBy '/Game/Level.Level:PersistentLevel.Level'
[2020.06.28-20.38.37:307][960]LogSlate: Updating window title bar state: overlay mode, drag disabled, window buttons hidden, title bar hidden
[2020.06.28-20.38.37:346][964]LogPlayLevel: Display: Destroying online subsystem :Context_1
[2020.06.28-20.39.39:439][881]LogSlate: FSceneViewport::OnFocusLost() reason 2
[2020.06.28-20.39.40:996][ 67]LogSlate: FSceneViewport::OnFocusLost() reason 2
[2020.06.28-20.39.41:767][ 67]LogSlate: Only BGRA pngs, bmps or icos are supported in by External Image Picker
[2020.06.28-20.39.41:826][ 68]LogTemp: Executing iPhonePackager certificates Engine -bundlename com.YourCompany.P1MKaraniewiczBiedny
[2020.06.28-20.39.41:826][ 68]LogTemp: CWD: W:\Program Files\UE_4.20\Engine\Binaries\DotNET\IOS
[2020.06.28-20.39.41:826][ 68]LogTemp: Initial Dir: W:\Program Files\UE_4.20
[2020.06.28-20.39.41:826][ 68]LogTemp: Env CWD: W:\Program Files\UE_4.20\Engine\Binaries\DotNET\IOS
[2020.06.28-20.39.41:826][ 68]LogTemp: BranchPath = DESKTOP-QD5PBN3/W/Program Files/UE_4.20/Engine/Binaries --- GameBranchPath = DESKTOP-QD5PBN3/W/Program Files/UE_4.20/Engine/Binaries
[2020.06.28-20.39.41:826][ 68]LogTemp: IPP ERROR: Could not find provision directory 'C:\Users\mkb\AppData\Local/Apple Computer/MobileDevice/Provisioning Profiles/'.
[2020.06.28-20.39.54:330][554]LogSlate: Took 0.000116 seconds to synchronously load lazily loaded font '../../../Engine/Content/Slate/Fonts/Roboto-Light.ttf' (167K)
[2020.06.28-20.49.59:875][ 29]LogSlate: Window 'Project Settings' being destroyed
[2020.06.28-20.49.59:880][ 29]LogSlate: Window 'Project Settings' being destroyed
[2020.06.28-20.50.03:212][426]LogSlate: FSceneViewport::OnFocusLost() reason 0
[2020.06.28-20.51.28:260][241]LogSlate: FSceneViewport::OnFocusLost() reason 2
[2020.06.28-21.07.28:980][362]LogSlate: FSceneViewport::OnFocusLost() reason 0
[2020.06.28-21.08.02:596][ 43]LogSlate: FSceneViewport::OnFocusLost() reason 0
[2020.06.28-21.08.02:739][ 49]LogSlate: Window 'P1MKaraniewiczBiedny - Unreal Editor' being destroyed
[2020.06.28-21.08.02:881][ 50]Cmd: QUIT_EDITOR
[2020.06.28-21.08.03:523][ 50]LogWindowsTextInputMethodSystem: Display: IME system now deactivated.
[2020.06.28-21.08.03:531][ 50]LogExit: Preparing to exit.
[2020.06.28-21.08.04:359][ 50]LogExit: Editor shut down
[2020.06.28-21.08.04:359][ 50]LogExit: Transaction tracking system shut down
[2020.06.28-21.08.04:915][ 50]LogExit: Object subsystem successfully closed.
[2020.06.28-21.08.04:932][ 50]LogShaderCompilers: Display: Shaders left to compile 0
[2020.06.28-21.08.04:934][ 50]LogD3D11RHI: Shutdown
[2020.06.28-21.08.04:934][ 50]LogD3D11RHI: CleanupD3DDevice
[2020.06.28-21.08.04:935][ 50]LogD3D11RHI: ~FD3D11DynamicRHI
[2020.06.28-21.08.04:945][ 50]LogModuleManager: Shutting down and abandoning module ExternalImagePicker (616)
[2020.06.28-21.08.04:945][ 50]LogModuleManager: Shutting down and abandoning module MovieSceneCapture (614)
[2020.06.28-21.08.04:945][ 50]LogModuleManager: Shutting down and abandoning module Voice (612)
[2020.06.28-21.08.04:945][ 50]LogModuleManager: Shutting down and abandoning module HierarchicalLODOutliner (610)
[2020.06.28-21.08.04:945][ 50]LogModuleManager: Shutting down and abandoning module SceneOutliner (608)
[2020.06.28-21.08.04:945][ 50]LogModuleManager: Shutting down and abandoning module AddContentDialog (606)
[2020.06.28-21.08.04:945][ 50]LogModuleManager: Shutting down and abandoning module WidgetCarousel (605)
[2020.06.28-21.08.04:945][ 50]LogModuleManager: Shutting down and abandoning module EditorWidgets (602)
[2020.06.28-21.08.04:945][ 50]LogModuleManager: Shutting down and abandoning module CollectionManager (600)
[2020.06.28-21.08.04:945][ 50]LogModuleManager: Shutting down and abandoning module StatsViewer (598)
[2020.06.28-21.08.04:945][ 50]LogModuleManager: Shutting down and abandoning module FoliageEdit (596)
[2020.06.28-21.08.04:945][ 50]LogModuleManager: Shutting down and abandoning module LandscapeEditor (594)
[2020.06.28-21.08.04:945][ 50]LogModuleManager: Shutting down and abandoning module MeshPaintMode (592)
[2020.06.28-21.08.04:945][ 50]LogModuleManager: Shutting down and abandoning module SceneDepthPickerMode (590)
[2020.06.28-21.08.04:945][ 50]LogModuleManager: Shutting down and abandoning module ActorPickerMode (588)
[2020.06.28-21.08.04:945][ 50]LogModuleManager: Shutting down and abandoning module GeometryMode (586)
[2020.06.28-21.08.04:945][ 50]LogModuleManager: Shutting down and abandoning module TextureAlignMode (584)
[2020.06.28-21.08.04:945][ 50]LogModuleManager: Shutting down and abandoning module BspMode (582)
[2020.06.28-21.08.04:945][ 50]LogModuleManager: Shutting down and abandoning module PIEPreviewDeviceProfileSelector (580)
[2020.06.28-21.08.04:945][ 50]LogModuleManager: Shutting down and abandoning module SequenceRecorderSections (578)
[2020.06.28-21.08.04:946][ 50]LogModuleManager: Shutting down and abandoning module AutomationWorker (576)
[2020.06.28-21.08.04:946][ 50]LogModuleManager: Shutting down and abandoning module AudioCaptureEditor (574)
[2020.06.28-21.08.04:946][ 50]LogModuleManager: Shutting down and abandoning module SequenceRecorder (573)
[2020.06.28-21.08.04:946][ 50]LogModuleManager: Shutting down and abandoning module MatineeToLevelSequence (570)
[2020.06.28-21.08.04:946][ 50]LogModuleManager: Shutting down and abandoning module LevelSequenceEditor (568)
[2020.06.28-21.08.04:946][ 50]LogModuleManager: Shutting down and abandoning module PlacementMode (567)
[2020.06.28-21.08.04:946][ 50]LogModuleManager: Shutting down and abandoning module MaterialEditor (566)
[2020.06.28-21.08.04:946][ 50]LogModuleManager: Shutting down and abandoning module WmfMediaFactory (562)
[2020.06.28-21.08.04:946][ 50]LogModuleManager: Shutting down and abandoning module WmfMediaEditor (560)
[2020.06.28-21.08.04:946][ 50]LogModuleManager: Shutting down and abandoning module MediaPlayerEditor (558)
[2020.06.28-21.08.04:946][ 50]LogModuleManager: Shutting down and abandoning module OpenExrWrapper (556)
[2020.06.28-21.08.04:946][ 50]LogModuleManager: Shutting down and abandoning module ImgMediaFactory (554)
[2020.06.28-21.08.04:946][ 50]LogModuleManager: Shutting down and abandoning module ImgMediaEditor (552)
[2020.06.28-21.08.04:946][ 50]LogModuleManager: Shutting down and abandoning module AvfMediaFactory (550)
[2020.06.28-21.08.04:946][ 50]LogModuleManager: Shutting down and abandoning module AvfMediaEditor (548)
[2020.06.28-21.08.04:946][ 50]LogModuleManager: Shutting down and abandoning module AndroidMediaFactory (546)
[2020.06.28-21.08.04:946][ 50]LogModuleManager: Shutting down and abandoning module AndroidMediaEditor (544)
[2020.06.28-21.08.04:946][ 50]LogModuleManager: Shutting down and abandoning module MagicLeapCameraPreviewFactory (542)
[2020.06.28-21.08.04:946][ 50]LogModuleManager: Shutting down and abandoning module MagicLeapMediaFactory (540)
[2020.06.28-21.08.04:946][ 50]LogModuleManager: Shutting down and abandoning module MagicLeapMediaEditor (538)
[2020.06.28-21.08.04:946][ 50]LogModuleManager: Shutting down and abandoning module CharacterAI (536)
[2020.06.28-21.08.04:946][ 50]LogModuleManager: Shutting down and abandoning module SmartSnapping (534)
[2020.06.28-21.08.04:946][ 50]LogModuleManager: Shutting down and abandoning module SessionServices (532)
[2020.06.28-21.08.04:946][ 50]LogModuleManager: Shutting down and abandoning module ViewportSnapping (530)
[2020.06.28-21.08.04:946][ 50]LogModuleManager: Shutting down and abandoning module ViewportInteraction (528)
[2020.06.28-21.08.04:946][ 50]LogModuleManager: Shutting down and abandoning module ClothPainter (526)
[2020.06.28-21.08.04:946][ 50]LogModuleManager: Shutting down and abandoning module SkeletalMeshEditor (525)
[2020.06.28-21.08.04:946][ 50]LogModuleManager: Shutting down and abandoning module LogVisualizer (522)
[2020.06.28-21.08.04:946][ 50]LogModuleManager: Shutting down and abandoning module IntroTutorials (520)
[2020.06.28-21.08.04:946][ 50]LogModuleManager: Shutting down and abandoning module GameProjectGeneration (519)
[2020.06.28-21.08.04:946][ 50]LogModuleManager: Shutting down and abandoning module LuminPlatformEditor (516)
[2020.06.28-21.08.04:946][ 50]LogModuleManager: Shutting down and abandoning module IOSPlatformEditor (514)
[2020.06.28-21.08.04:946][ 50]LogModuleManager: Shutting down and abandoning module HTML5PlatformEditor (512)
[2020.06.28-21.08.04:946][ 50]LogModuleManager: Shutting down and abandoning module AndroidPlatformEditor (510)
[2020.06.28-21.08.04:946][ 50]LogModuleManager: Shutting down and abandoning module AndroidDeviceDetection (509)
[2020.06.28-21.08.05:348][ 50]LogModuleManager: Shutting down and abandoning module WindowsPlatformEditor (506)
[2020.06.28-21.08.05:348][ 50]LogModuleManager: Shutting down and abandoning module LuminRuntimeSettings (504)
[2020.06.28-21.08.05:348][ 50]LogModuleManager: Shutting down and abandoning module IOSRuntimeSettings (502)
[2020.06.28-21.08.05:348][ 50]LogModuleManager: Shutting down and abandoning module AndroidRuntimeSettings (500)
[2020.06.28-21.08.05:348][ 50]LogModuleManager: Shutting down and abandoning module InputBindingEditor (498)
[2020.06.28-21.08.05:348][ 50]LogModuleManager: Shutting down and abandoning module MergeActors (496)
[2020.06.28-21.08.05:348][ 50]LogModuleManager: Shutting down and abandoning module LocalizationDashboard (494)
[2020.06.28-21.08.05:348][ 50]LogModuleManager: Shutting down and abandoning module LocalizationService (493)
[2020.06.28-21.08.05:348][ 50]LogModuleManager: Shutting down and abandoning module HardwareTargeting (490)
[2020.06.28-21.08.05:348][ 50]LogModuleManager: Shutting down and abandoning module DeviceProfileEditor (488)
[2020.06.28-21.08.05:348][ 50]LogModuleManager: Shutting down and abandoning module UndoHistory (486)
[2020.06.28-21.08.05:348][ 50]LogModuleManager: Shutting down and abandoning module XmlParser (484)
[2020.06.28-21.08.05:348][ 50]LogModuleManager: Shutting down and abandoning module Blutility (482)
[2020.06.28-21.08.05:348][ 50]LogModuleManager: Shutting down and abandoning module ProjectSettingsViewer (480)
[2020.06.28-21.08.05:348][ 50]LogModuleManager: Shutting down and abandoning module ProjectTargetPlatformEditor (479)
[2020.06.28-21.08.05:349][ 50]LogModuleManager: Shutting down and abandoning module EditorSettingsViewer (476)
[2020.06.28-21.08.05:349][ 50]LogModuleManager: Shutting down and abandoning module SettingsEditor (474)
[2020.06.28-21.08.05:349][ 50]LogModuleManager: Shutting down and abandoning module ProjectLauncher (472)
[2020.06.28-21.08.05:349][ 50]LogModuleManager: Shutting down and abandoning module SessionFrontend (470)
[2020.06.28-21.08.05:349][ 50]LogModuleManager: Shutting down and abandoning module ProfilerClient (468)
[2020.06.28-21.08.05:349][ 50]LogModuleManager: Shutting down and abandoning module DeviceManager (466)
[2020.06.28-21.08.05:349][ 50]LogModuleManager: Shutting down and abandoning module TargetDeviceServices (465)
[2020.06.28-21.08.05:401][ 50]LogModuleManager: Shutting down and abandoning module AutomationController (462)
[2020.06.28-21.08.05:401][ 50]LogModuleManager: Shutting down and abandoning module AutomationWindow (460)
[2020.06.28-21.08.05:401][ 50]LogModuleManager: Shutting down and abandoning module Layers (458)
[2020.06.28-21.08.05:401][ 50]LogModuleManager: Shutting down and abandoning module ComponentVisualizers (456)
[2020.06.28-21.08.05:401][ 50]LogModuleManager: Shutting down and abandoning module DetailCustomizations (454)
[2020.06.28-21.08.05:401][ 50]LogModuleManager: Shutting down and abandoning module PackagesDialog (452)
[2020.06.28-21.08.05:401][ 50]LogModuleManager: Shutting down and abandoning module Persona (450)
[2020.06.28-21.08.05:401][ 50]LogModuleManager: Shutting down and abandoning module AdvancedPreviewScene (449)
[2020.06.28-21.08.05:401][ 50]LogModuleManager: Shutting down and abandoning module AnimGraph (447)
[2020.06.28-21.08.05:401][ 50]LogModuleManager: Shutting down and abandoning module Kismet (444)
[2020.06.28-21.08.05:401][ 50]LogModuleManager: Shutting down and abandoning module GraphEditor (442)
[2020.06.28-21.08.05:401][ 50]LogModuleManager: Shutting down and abandoning module ClassViewer (440)
[2020.06.28-21.08.05:401][ 50]LogModuleManager: Shutting down and abandoning module Toolbox (438)
[2020.06.28-21.08.05:401][ 50]LogModuleManager: Shutting down and abandoning module ModuleUI (436)
[2020.06.28-21.08.05:401][ 50]LogModuleManager: Shutting down and abandoning module MovieSceneTools (434)
[2020.06.28-21.08.05:401][ 50]LogModuleManager: Shutting down and abandoning module OutputLog (432)
[2020.06.28-21.08.05:401][ 50]LogModuleManager: Shutting down and abandoning module GammaUI (430)
[2020.06.28-21.08.05:401][ 50]LogModuleManager: Shutting down and abandoning module Documentation (428)
[2020.06.28-21.08.05:401][ 50]LogModuleManager: Shutting down and abandoning module MovieSceneTracks (426)
[2020.06.28-21.08.05:401][ 50]LogModuleManager: Shutting down and abandoning module MovieScene (424)
[2020.06.28-21.08.05:401][ 50]LogModuleManager: Shutting down and abandoning module StreamingPauseRendering (422)
[2020.06.28-21.08.05:401][ 50]LogModuleManager: Shutting down and abandoning module LauncherPlatform (420)
[2020.06.28-21.08.05:401][ 50]LogModuleManager: Shutting down and abandoning module AnalyticsET (418)
[2020.06.28-21.08.05:401][ 50]LogModuleManager: Shutting down and abandoning module PortalServices (416)
[2020.06.28-21.08.05:401][ 50]LogModuleManager: Shutting down and abandoning module PortalRpc (414)
[2020.06.28-21.08.05:401][ 50]LogModuleManager: Shutting down and abandoning module MessagingRpc (412)
[2020.06.28-21.08.05:401][ 50]LogModuleManager: Shutting down and abandoning module AIModule (410)
[2020.06.28-21.08.05:401][ 50]LogModuleManager: Shutting down and abandoning module GameplayDebugger (409)
[2020.06.28-21.08.05:401][ 50]LogModuleManager: Shutting down and abandoning module AITestSuite (407)
[2020.06.28-21.08.05:402][ 50]LogModuleManager: Shutting down and abandoning module NavigationSystem (405)
[2020.06.28-21.08.05:402][ 50]LogModuleManager: Shutting down and abandoning module DesktopPlatform (402)
[2020.06.28-21.08.05:402][ 50]LogModuleManager: Shutting down and abandoning module ProfilerService (400)
[2020.06.28-21.08.05:557][ 50]LogModuleManager: Shutting down and abandoning module TaskGraph (398)
[2020.06.28-21.08.05:557][ 50]LogModuleManager: Shutting down and abandoning module SteamVRController (396)
[2020.06.28-21.08.05:557][ 50]LogModuleManager: Shutting down and abandoning module ProceduralMeshComponentEditor (394)
[2020.06.28-21.08.05:557][ 50]LogModuleManager: Shutting down and abandoning module ProceduralMeshComponent (392)
[2020.06.28-21.08.05:557][ 50]LogModuleManager: Shutting down and abandoning module OculusInput (390)
[2020.06.28-21.08.05:557][ 50]LogModuleManager: Shutting down and abandoning module MobilePatchingUtils (388)
[2020.06.28-21.08.05:557][ 50]LogModuleManager: Shutting down and abandoning module EditableMesh (386)
[2020.06.28-21.08.05:557][ 50]LogModuleManager: Shutting down and abandoning module CustomMeshComponent (384)
[2020.06.28-21.08.05:557][ 50]LogModuleManager: Shutting down and abandoning module CableComponent (382)
[2020.06.28-21.08.05:557][ 50]LogModuleManager: Shutting down and abandoning module AudioCapture (380)
[2020.06.28-21.08.05:557][ 50]LogModuleManager: Shutting down and abandoning module ArchVisCharacter (378)
[2020.06.28-21.08.05:557][ 50]LogModuleManager: Shutting down and abandoning module AndroidPermission (376)
[2020.06.28-21.08.05:557][ 50]LogModuleManager: Shutting down and abandoning module NUTUnrealEngine4 (374)
[2020.06.28-21.08.05:557][ 50]LogModuleManager: Shutting down and abandoning module NetcodeUnitTest (372)
[2020.06.28-21.08.05:557][ 50]LogModuleManager: Shutting down and abandoning module MediaCompositingEditor (370)
[2020.06.28-21.08.05:557][ 50]LogModuleManager: Shutting down and abandoning module MediaCompositing (368)
[2020.06.28-21.08.05:557][ 50]LogModuleManager: Shutting down and abandoning module LinearTimecode (366)
[2020.06.28-21.08.05:557][ 50]LogModuleManager: Shutting down and abandoning module ImgMedia (364)
[2020.06.28-21.08.05:560][ 50]LogModuleManager: Shutting down and abandoning module HTML5Networking (362)
[2020.06.28-21.08.05:560][ 50]LogModuleManager: Shutting down and abandoning module GeometryCacheTracks (360)
[2020.06.28-21.08.05:560][ 50]LogModuleManager: Shutting down and abandoning module GeometryCacheSequencer (358)
[2020.06.28-21.08.05:560][ 50]LogModuleManager: Shutting down and abandoning module BackChannel (356)
[2020.06.28-21.08.05:560][ 50]LogModuleManager: Shutting down and abandoning module AppleVision (354)
[2020.06.28-21.08.05:560][ 50]LogModuleManager: Shutting down and abandoning module AppleImageUtils (352)
[2020.06.28-21.08.05:560][ 50]LogModuleManager: Shutting down and abandoning module AlembicImporter (350)
[2020.06.28-21.08.05:560][ 50]LogModuleManager: Shutting down and abandoning module AlembicLibrary (349)
[2020.06.28-21.08.05:560][ 50]LogModuleManager: Shutting down and abandoning module GeometryCache (348)
[2020.06.28-21.08.05:560][ 50]LogModuleManager: Shutting down and abandoning module GeometryCacheEd (347)
[2020.06.28-21.08.05:560][ 50]LogModuleManager: Shutting down and abandoning module DatasmithContentEditor (342)
[2020.06.28-21.08.05:560][ 50]LogModuleManager: Shutting down and abandoning module DatasmithContent (340)
[2020.06.28-21.08.05:560][ 50]LogModuleManager: Shutting down and abandoning module SpeedTreeImporter (338)
[2020.06.28-21.08.05:560][ 50]LogModuleManager: Shutting down and abandoning module PluginBrowser (336)
[2020.06.28-21.08.05:560][ 50]LogModuleManager: Shutting down and abandoning module MobileLauncherProfileWizard (334)
[2020.06.28-21.08.05:560][ 50]LogModuleManager: Shutting down and abandoning module PolygonModeling (332)
[2020.06.28-21.08.05:560][ 50]LogModuleManager: Shutting down and abandoning module MeshEditor (330)
[2020.06.28-21.08.05:560][ 50]LogModuleManager: Shutting down and abandoning module CryptoKeysOpenSSL (328)
[2020.06.28-21.08.05:560][ 50]LogModuleManager: Shutting down and abandoning module CryptoKeys (326)
[2020.06.28-21.08.05:560][ 50]LogModuleManager: Shutting down and abandoning module VisualStudioSourceCodeAccess (324)
[2020.06.28-21.08.05:560][ 50]LogModuleManager: Shutting down and abandoning module VisualStudioCodeSourceCodeAccess (322)
[2020.06.28-21.08.05:560][ 50]LogModuleManager: Shutting down and abandoning module UObjectPlugin (320)
[2020.06.28-21.08.05:560][ 50]LogModuleManager: Shutting down and abandoning module SubversionSourceControl (318)
[2020.06.28-21.08.05:560][ 50]LogModuleManager: Shutting down and abandoning module PerforceSourceControl (316)
[2020.06.28-21.08.05:561][ 50]LogModuleManager: Shutting down and abandoning module GitSourceControl (314)
[2020.06.28-21.08.05:561][ 50]LogModuleManager: Shutting down and abandoning module SourceControl (313)
[2020.06.28-21.08.05:561][ 50]LogModuleManager: Shutting down and abandoning module CLionSourceCodeAccess (310)
[2020.06.28-21.08.05:561][ 50]LogModuleManager: Shutting down and abandoning module LightPropagationVolumeEditor (308)
[2020.06.28-21.08.05:561][ 50]LogModuleManager: Shutting down and abandoning module PaperTiledImporter (306)
[2020.06.28-21.08.05:561][ 50]LogModuleManager: Shutting down and abandoning module PaperSpriteSheetImporter (304)
[2020.06.28-21.08.05:561][ 50]LogModuleManager: Shutting down and abandoning module Paper2DEditor (302)
[2020.06.28-21.08.05:561][ 50]LogModuleManager: Shutting down and abandoning module MeshPaint (301)
[2020.06.28-21.08.05:561][ 50]LogModuleManager: Shutting down and abandoning module RuntimePhysXCooking (298)
[2020.06.28-21.08.05:561][ 50]LogModuleManager: Shutting down and abandoning module PhysXVehiclesEditor (296)
[2020.06.28-21.08.05:561][ 50]LogModuleManager: Shutting down and abandoning module PhysXVehicles (294)
[2020.06.28-21.08.05:561][ 50]LogModuleManager: Shutting down and abandoning module OculusEditor (292)
[2020.06.28-21.08.05:561][ 50]LogModuleManager: Shutting down and abandoning module LocationServicesBPLibrary (290)
[2020.06.28-21.08.05:561][ 50]LogModuleManager: Shutting down and abandoning module ImmediatePhysicsEditor (288)
[2020.06.28-21.08.05:561][ 50]LogModuleManager: Shutting down and abandoning module ImmediatePhysics (286)
[2020.06.28-21.08.05:561][ 50]LogModuleManager: Shutting down and abandoning module ActorSequence (284)
[2020.06.28-21.08.05:561][ 50]LogModuleManager: Shutting down and abandoning module UdpMessaging (282)
[2020.06.28-21.08.05:661][ 50]LogModuleManager: Shutting down and abandoning module TcpMessaging (280)
[2020.06.28-21.08.05:762][ 50]LogModuleManager: Shutting down and abandoning module MagicLeapAudio (278)
[2020.06.28-21.08.05:762][ 50]LogModuleManager: Shutting down and abandoning module GameplayTagsEditor (276)
[2020.06.28-21.08.05:762][ 50]LogModuleManager: Shutting down and abandoning module FacialAnimationEditor (274)
[2020.06.28-21.08.05:762][ 50]LogModuleManager: Shutting down and abandoning module FacialAnimation (272)
[2020.06.28-21.08.05:762][ 50]LogModuleManager: Shutting down and abandoning module DataValidation (270)
[2020.06.28-21.08.05:762][ 50]LogModuleManager: Shutting down and abandoning module AssetManagerEditor (268)
[2020.06.28-21.08.05:762][ 50]LogModuleManager: Shutting down and abandoning module LevelEditor (267)
[2020.06.28-21.08.05:762][ 50]LogModuleManager: Shutting down and abandoning module PixelInspectorModule (266)
[2020.06.28-21.08.05:762][ 50]LogModuleManager: Shutting down and abandoning module CommonMenuExtensions (264)
[2020.06.28-21.08.05:763][ 50]LogModuleManager: Shutting down and abandoning module MainFrame (262)
[2020.06.28-21.08.05:763][ 50]LogModuleManager: Shutting down and abandoning module HotReload (261)
[2020.06.28-21.08.05:763][ 50]LogModuleManager: Shutting down and abandoning module ContentBrowser (257)
[2020.06.28-21.08.05:764][ 50]LogModuleManager: Shutting down and abandoning module TreeMap (255)
[2020.06.28-21.08.05:764][ 50]LogModuleManager: Shutting down and abandoning module LightPropagationVolumeRuntime (252)
[2020.06.28-21.08.05:764][ 50]LogModuleManager: Shutting down and abandoning module AISupportModule (250)
[2020.06.28-21.08.05:764][ 50]LogModuleManager: Shutting down and abandoning module Paper2D (248)
[2020.06.28-21.08.05:764][ 50]LogModuleManager: Shutting down and abandoning module WindowsMoviePlayer (246)
[2020.06.28-21.08.05:764][ 50]LogModuleManager: Shutting down and abandoning module WmfMedia (244)
[2020.06.28-21.08.05:765][ 50]LogModuleManager: Shutting down and abandoning module Media (243)
[2020.06.28-21.08.05:771][ 50]LogModuleManager: Shutting down and abandoning module PacketHandler (240)
[2020.06.28-21.08.05:771][ 50]LogModuleManager: Shutting down and abandoning module ClothingSystemEditor (238)
[2020.06.28-21.08.05:771][ 50]LogModuleManager: Shutting down and abandoning module ClothingSystemRuntime (236)
[2020.06.28-21.08.05:771][ 50]LogModuleManager: Shutting down and abandoning module MediaAssets (234)
[2020.06.28-21.08.05:771][ 50]LogModuleManager: Shutting down and abandoning module Overlay (232)
[2020.06.28-21.08.05:771][ 50]LogModuleManager: Shutting down and abandoning module OverlayEditor (231)
[2020.06.28-21.08.05:771][ 50]LogModuleManager: Shutting down and abandoning module VREditor (228)
[2020.06.28-21.08.05:771][ 50]LogModuleManager: Shutting down and abandoning module StringTableEditor (226)
[2020.06.28-21.08.05:771][ 50]LogModuleManager: Shutting down and abandoning module GameplayTasksEditor (224)
[2020.06.28-21.08.05:771][ 50]LogModuleManager: Shutting down and abandoning module BehaviorTreeEditor (222)
[2020.06.28-21.08.05:771][ 50]LogModuleManager: Shutting down and abandoning module FunctionalTesting (220)
[2020.06.28-21.08.05:771][ 50]LogModuleManager: Shutting down and abandoning module CollisionAnalyzer (218)
[2020.06.28-21.08.05:771][ 50]LogModuleManager: Shutting down and abandoning module WorkspaceMenuStructure (217)
[2020.06.28-21.08.05:771][ 50]LogModuleManager: Shutting down and abandoning module UMG (214)
[2020.06.28-21.08.05:771][ 50]LogModuleManager: Shutting down and abandoning module UMGEditor (213)
[2020.06.28-21.08.05:771][ 50]LogModuleManager: Shutting down and abandoning module Sequencer (212)
[2020.06.28-21.08.05:771][ 50]LogModuleManager: Shutting down and abandoning module MessageLog (209)
[2020.06.28-21.08.05:772][ 50]LogModuleManager: Shutting down and abandoning module SlateReflector (204)
[2020.06.28-21.08.05:772][ 50]LogModuleManager: Shutting down and abandoning module Slate (202)
[2020.06.28-21.08.05:772][ 50]LogModuleManager: Shutting down and abandoning module EditorStyle (200)
[2020.06.28-21.08.05:773][ 50]LogModuleManager: Shutting down and abandoning module MRMesh (198)
[2020.06.28-21.08.05:773][ 50]LogModuleManager: Shutting down and abandoning module SourceCodeAccess (196)
[2020.06.28-21.08.05:773][ 50]LogModuleManager: Shutting down and abandoning module HeadMountedDisplay (194)
[2020.06.28-21.08.05:773][ 50]LogModuleManager: Shutting down and abandoning module XAudio2 (192)
[2020.06.28-21.08.05:773][ 50]LogModuleManager: Shutting down and abandoning module Networking (190)
[2020.06.28-21.08.05:773][ 50]LogModuleManager: Shutting down and abandoning module Core (188)
[2020.06.28-21.08.05:773][ 50]LogModuleManager: Shutting down and abandoning module LevelSequence (186)
[2020.06.28-21.08.05:773][ 50]LogModuleManager: Shutting down and abandoning module KismetCompiler (184)
[2020.06.28-21.08.05:773][ 50]LogModuleManager: Shutting down and abandoning module MeshUtilities (182)
[2020.06.28-21.08.05:773][ 50]LogModuleManager: Shutting down and abandoning module MeshMergeUtilities (181)
[2020.06.28-21.08.05:773][ 50]LogModuleManager: Shutting down and abandoning module MeshReductionInterface (180)
[2020.06.28-21.08.05:773][ 50]LogModuleManager: Shutting down and abandoning module SimplygonSwarm (179)
[2020.06.28-21.08.05:773][ 50]LogModuleManager: Shutting down and abandoning module ProxyLODMeshReduction (177)
[2020.06.28-21.08.05:773][ 50]LogModuleManager: Shutting down and abandoning module SimplygonMeshReduction (175)
[2020.06.28-21.08.05:773][ 50]LogModuleManager: Shutting down and abandoning module QuadricMeshReduction (173)
[2020.06.28-21.08.05:773][ 50]LogModuleManager: Shutting down and abandoning module MaterialBaking (169)
[2020.06.28-21.08.05:773][ 50]LogModuleManager: Shutting down and abandoning module DirectoryWatcher (165)
[2020.06.28-21.08.05:773][ 50]LogModuleManager: Shutting down and abandoning module DerivedDataCache (162)
[2020.06.28-21.08.05:872][ 50]LogDerivedDataCache: Shutdown
[2020.06.28-21.08.05:872][ 50]LogModuleManager: Shutting down and abandoning module XGEController (160)
[2020.06.28-21.08.05:872][ 50]LogModuleManager: Shutting down and abandoning module TargetPlatform (158)
[2020.06.28-21.08.05:872][ 50]LogModuleManager: Shutting down and abandoning module VulkanShaderFormat (157)
[2020.06.28-21.08.05:872][ 50]LogModuleManager: Shutting down and abandoning module ShaderFormatVectorVM (155)
[2020.06.28-21.08.05:872][ 50]LogModuleManager: Shutting down and abandoning module ShaderFormatOpenGL (153)
[2020.06.28-21.08.05:872][ 50]LogModuleManager: Shutting down and abandoning module ShaderFormatD3D (151)
[2020.06.28-21.08.05:872][ 50]LogModuleManager: Shutting down and abandoning module MetalShaderFormat (149)
[2020.06.28-21.08.05:872][ 50]LogModuleManager: Shutting down and abandoning module TextureFormatUncompressed (147)
[2020.06.28-21.08.05:872][ 50]LogModuleManager: Shutting down and abandoning module TextureFormatPVR (145)
[2020.06.28-21.08.05:872][ 50]LogModuleManager: Shutting down and abandoning module TextureFormatDXT (143)
[2020.06.28-21.08.05:872][ 50]LogModuleManager: Shutting down and abandoning module TextureFormatIntelISPCTexComp (141)
[2020.06.28-21.08.05:872][ 50]LogModuleManager: Shutting down and abandoning module TextureFormatASTC (139)
[2020.06.28-21.08.05:872][ 50]LogModuleManager: Shutting down and abandoning module ImageWrapper (138)
[2020.06.28-21.08.05:872][ 50]LogModuleManager: Shutting down and abandoning module TextureFormatAndroid (135)
[2020.06.28-21.08.05:872][ 50]LogModuleManager: Shutting down and abandoning module AudioFormatOpus (133)
[2020.06.28-21.08.05:872][ 50]LogModuleManager: Shutting down and abandoning module AudioFormatOgg (131)
[2020.06.28-21.08.05:872][ 50]LogModuleManager: Shutting down and abandoning module AudioFormatADPCM (129)
[2020.06.28-21.08.05:872][ 50]LogModuleManager: Shutting down and abandoning module LuminTargetPlatform (127)
[2020.06.28-21.08.05:872][ 50]LogModuleManager: Shutting down and abandoning module LinuxTargetPlatform (125)
[2020.06.28-21.08.05:872][ 50]LogModuleManager: Shutting down and abandoning module LinuxServerTargetPlatform (123)
[2020.06.28-21.08.05:872][ 50]LogModuleManager: Shutting down and abandoning module LinuxNoEditorTargetPlatform (121)
[2020.06.28-21.08.05:872][ 50]LogModuleManager: Shutting down and abandoning module LinuxClientTargetPlatform (119)
[2020.06.28-21.08.05:872][ 50]LogModuleManager: Shutting down and abandoning module TVOSTargetPlatform (117)
[2020.06.28-21.08.05:873][ 50]LogModuleManager: Shutting down and abandoning module Messaging (115)
[2020.06.28-21.08.05:873][ 50]LogModuleManager: Shutting down and abandoning module IOSTargetPlatform (113)
[2020.06.28-21.08.05:873][ 50]LogModuleManager: Shutting down and abandoning module HTML5TargetPlatform (111)
[2020.06.28-21.08.05:873][ 50]LogModuleManager: Shutting down and abandoning module AndroidTargetPlatform (109)
[2020.06.28-21.08.05:880][ 50]LogModuleManager: Shutting down and abandoning module WindowsTargetPlatform (107)
[2020.06.28-21.08.05:880][ 50]LogModuleManager: Shutting down and abandoning module WindowsServerTargetPlatform (105)
[2020.06.28-21.08.05:880][ 50]LogModuleManager: Shutting down and abandoning module WindowsNoEditorTargetPlatform (103)
[2020.06.28-21.08.05:880][ 50]LogModuleManager: Shutting down and abandoning module WindowsClientTargetPlatform (101)
[2020.06.28-21.08.05:880][ 50]LogModuleManager: Shutting down and abandoning module MacTargetPlatform (99)
[2020.06.28-21.08.05:880][ 50]LogModuleManager: Shutting down and abandoning module MacServerTargetPlatform (97)
[2020.06.28-21.08.05:880][ 50]LogModuleManager: Shutting down and abandoning module MacNoEditorTargetPlatform (95)
[2020.06.28-21.08.05:880][ 50]LogModuleManager: Shutting down and abandoning module MacClientTargetPlatform (93)
[2020.06.28-21.08.05:880][ 50]LogModuleManager: Shutting down and abandoning module AllDesktopTargetPlatform (91)
[2020.06.28-21.08.05:880][ 50]LogModuleManager: Shutting down and abandoning module InputCore (88)
[2020.06.28-21.08.05:880][ 50]LogModuleManager: Shutting down and abandoning module Settings (86)
[2020.06.28-21.08.05:880][ 50]LogModuleManager: Shutting down and abandoning module PhysXCooking (84)
[2020.06.28-21.08.05:880][ 50]LogModuleManager: Shutting down and abandoning module SteamVR (82)
[2020.06.28-21.08.05:880][ 50]LogModuleManager: Shutting down and abandoning module OculusHMD (80)
[2020.06.28-21.08.05:880][ 50]LogModuleManager: Shutting down and abandoning module ExampleDeviceProfileSelector (78)
[2020.06.28-21.08.05:880][ 50]LogModuleManager: Shutting down and abandoning module LauncherChunkInstaller (76)
[2020.06.28-21.08.05:880][ 50]LogModuleManager: Shutting down and abandoning module OnlineBlueprintSupport (74)
[2020.06.28-21.08.05:880][ 50]LogModuleManager: Shutting down and abandoning module OnlineSubsystem (70)
[2020.06.28-21.08.05:881][ 50]LogModuleManager: Shutting down and abandoning module XMPP (65)
[2020.06.28-21.08.05:881][ 50]LogModuleManager: Shutting down and abandoning module WebSockets (64)
[2020.06.28-21.08.05:907][ 50]LogModuleManager: Shutting down and abandoning module HTTP (61)
[2020.06.28-21.08.05:907][ 50]LogHttp: Display: Http module shutting down, but needs to wait on 1 outstanding Http requests:
[2020.06.28-21.08.05:907][ 50]LogHttp: Display: 	verb=[POST] url=[https://datarouter.ol.epicgames.com/datarouter/api/v1/public/data?SessionID=%7B18AE2F27-43C8-5515-D0AC-C78B34CD7EAC%7D&AppID=UEEditor.Rocket.Release&AppVersion=4.20.3-4369336%2B%2B%2BUE4%2BRelease-4.20&UserID=dba500a9419072709eee9e8c6e7c528b%7C886dfd627f6d469092810e3d16102828%7C3f2ed732-59e6-4943-af0c-a7758f0c2780&AppEnvironment=datacollector-binary&UploadType=eteventstream] status=Processing
[2020.06.28-21.08.05:915][ 50]LogModuleManager: Shutting down and abandoning module SSL (60)
[2020.06.28-21.08.05:916][ 50]LogModuleManager: Shutting down and abandoning module MagicLeapEmulator (56)
[2020.06.28-21.08.05:916][ 50]LogModuleManager: Shutting down and abandoning module MagicLeapPrivileges (54)
[2020.06.28-21.08.05:916][ 50]LogModuleManager: Shutting down and abandoning module MagicLeapIdentity (52)
[2020.06.28-21.08.05:916][ 50]LogModuleManager: Shutting down and abandoning module MagicLeapHelperVulkan (50)
[2020.06.28-21.08.05:916][ 50]LogModuleManager: Shutting down and abandoning module MagicLeapHelperOpenGL (48)
[2020.06.28-21.08.05:916][ 50]LogModuleManager: Shutting down and abandoning module MagicLeapSecureStorage (46)
[2020.06.28-21.08.05:916][ 50]LogModuleManager: Shutting down and abandoning module MagicLeapGestures (44)
[2020.06.28-21.08.05:916][ 50]LogModuleManager: Shutting down and abandoning module MagicLeapEyeTracker (42)
[2020.06.28-21.08.05:916][ 50]LogModuleManager: Shutting down and abandoning module MagicLeapController (40)
[2020.06.28-21.08.05:916][ 50]LogSlate: Slate User Destroyed.  User Index 0, Is Virtual User: 0
[2020.06.28-21.08.05:916][ 50]LogModuleManager: Shutting down and abandoning module MagicLeap (38)
[2020.06.28-21.08.05:916][ 50]LogModuleManager: Shutting down and abandoning module AnimationModifiers (36)
[2020.06.28-21.08.05:916][ 50]LogModuleManager: Shutting down and abandoning module PropertyEditor (35)
[2020.06.28-21.08.05:916][ 50]LogModuleManager: Shutting down and abandoning module AudioEditor (32)
[2020.06.28-21.08.05:916][ 50]LogModuleManager: Shutting down and abandoning module TextureCompressor (30)
[2020.06.28-21.08.05:916][ 50]LogModuleManager: Shutting down and abandoning module ShaderCore (28)
[2020.06.28-21.08.05:916][ 50]LogModuleManager: Shutting down and abandoning module Landscape (26)
[2020.06.28-21.08.05:916][ 50]LogModuleManager: Shutting down and abandoning module SlateRHIRenderer (24)
[2020.06.28-21.08.05:917][ 50]LogModuleManager: Shutting down and abandoning module OpenGLDrv (22)
[2020.06.28-21.08.05:917][ 50]LogModuleManager: Shutting down and abandoning module D3D11RHI (20)
[2020.06.28-21.08.05:917][ 50]LogModuleManager: Shutting down and abandoning module AnimGraphRuntime (18)
[2020.06.28-21.08.05:917][ 50]LogModuleManager: Shutting down and abandoning module Renderer (16)
[2020.06.28-21.08.05:917][ 50]LogModuleManager: Shutting down and abandoning module Engine (14)
[2020.06.28-21.08.05:917][ 50]LogModuleManager: Shutting down and abandoning module CoreUObject (12)
[2020.06.28-21.08.05:917][ 50]LogModuleManager: Shutting down and abandoning module NetworkFile (10)
[2020.06.28-21.08.05:917][ 50]LogModuleManager: Shutting down and abandoning module CookedIterativeFile (8)
[2020.06.28-21.08.05:917][ 50]LogModuleManager: Shutting down and abandoning module StreamingFile (6)
[2020.06.28-21.08.05:917][ 50]LogModuleManager: Shutting down and abandoning module SandboxFile (4)
[2020.06.28-21.08.05:917][ 50]LogModuleManager: Shutting down and abandoning module PakFile (2)
[2020.06.28-21.08.05:922][ 50]LogExit: Exiting.
[2020.06.28-21.08.05:928][ 50]Log file closed, 06/28/20 23:08:05
